{"synthetic": false,
 "schemaVersion": "2025-09-10",
 "outputs":
 {"o": ["5817f1df44399caf.olean"],
  "i": "0badb8687ef5640c.ilean",
  "c": "1087de3cc4e40193.c"},
 "log":
 [{"message":
   ".> LEAN_PATH=/Users/david/erdos-lean-build/.lake/packages/Cli/.lake/build/lib/lean:/Users/david/erdos-lean-build/.lake/packages/batteries/.lake/build/lib/lean:/Users/david/erdos-lean-build/.lake/packages/Qq/.lake/build/lib/lean:/Users/david/erdos-lean-build/.lake/packages/aesop/.lake/build/lib/lean:/Users/david/erdos-lean-build/.lake/packages/proofwidgets/.lake/build/lib/lean:/Users/david/erdos-lean-build/.lake/packages/importGraph/.lake/build/lib/lean:/Users/david/erdos-lean-build/.lake/packages/LeanSearchClient/.lake/build/lib/lean:/Users/david/erdos-lean-build/.lake/packages/plausible/.lake/build/lib/lean:/Users/david/erdos-lean-build/.lake/packages/mathlib/.lake/build/lib/lean:/Users/david/erdos-lean-build/.lake/build/lib/lean /Users/david/.elan/toolchains/leanprover--lean4---v4.28.0/bin/lean /Users/david/erdos-lean-build/RequestProject/AnchoredDeterminantRank.lean -o /Users/david/erdos-lean-build/.lake/build/lib/lean/RequestProject/AnchoredDeterminantRank.olean -i /Users/david/erdos-lean-build/.lake/build/lib/lean/RequestProject/AnchoredDeterminantRank.ilean -c /Users/david/erdos-lean-build/.lake/build/ir/RequestProject/AnchoredDeterminantRank.c --setup /Users/david/erdos-lean-build/.lake/build/ir/RequestProject/AnchoredDeterminantRank.setup.json --json",
   "level": "trace"}],
 "inputs":
 [["RequestProject.AnchoredDeterminantRank:deps",
   [["deps",
     [["RequestProject/RequestProject:extraDep",
       [["@RequestProject:extraDep", "00000000000006bb"]]],
      ["imports",
       [["Mathlib transitive imports (legacy)", "8fd896a9b3011bd6"],
        ["Mathlib:importAllArts", "8fc2a9ec06d95bdc"],
        ["RequestProject.AnchoredCRTLattice transitive imports (legacy)",
         "9bcba9934f4a6004"],
        ["RequestProject.AnchoredCRTLattice:importAllArts",
         "d56b4ea52f3cd183"]]]]],
    ["libs",
     [["import dynlibs", "00000000000006bb"],
      ["package external libraries", "00000000000006bb"],
      ["module dynlibs", "00000000000006bb"],
      ["module plugins", "00000000000006bb"]]]]],
  ["Lean 4.28.0, commit 7e01a1bf5c70fc6167d49c345d3bf80596e9a79b",
   "a96bc04a2e5e9630"],
  ["/Users/david/erdos-lean-build/RequestProject/AnchoredDeterminantRank.lean",
   "bff0bba37f1c1e68"],
  ["options", "00000000000006bb"],
  ["Module.leanArgs: #[]", "00000000000006bb"]],
 "depHash": "7a29168326479181"}