{"synthetic": false,
 "schemaVersion": "2025-09-10",
 "outputs":
 {"o": ["318a4e9f1b519104.olean"],
  "i": "ac43107c3f253150.ilean",
  "c": "9129f8419e06c3e1.c"},
 "log":
 [{"message":
   ".> LEAN_PATH=/Users/david/erdos-lean-build/.lake/packages/Cli/.lake/build/lib/lean:/Users/david/erdos-lean-build/.lake/packages/batteries/.lake/build/lib/lean:/Users/david/erdos-lean-build/.lake/packages/Qq/.lake/build/lib/lean:/Users/david/erdos-lean-build/.lake/packages/aesop/.lake/build/lib/lean:/Users/david/erdos-lean-build/.lake/packages/proofwidgets/.lake/build/lib/lean:/Users/david/erdos-lean-build/.lake/packages/importGraph/.lake/build/lib/lean:/Users/david/erdos-lean-build/.lake/packages/LeanSearchClient/.lake/build/lib/lean:/Users/david/erdos-lean-build/.lake/packages/plausible/.lake/build/lib/lean:/Users/david/erdos-lean-build/.lake/packages/mathlib/.lake/build/lib/lean:/Users/david/erdos-lean-build/.lake/build/lib/lean /Users/david/.elan/toolchains/leanprover--lean4---v4.28.0/bin/lean /Users/david/erdos-lean-build/RequestProject/AnchoredSelectionPipeline.lean -o /Users/david/erdos-lean-build/.lake/build/lib/lean/RequestProject/AnchoredSelectionPipeline.olean -i /Users/david/erdos-lean-build/.lake/build/lib/lean/RequestProject/AnchoredSelectionPipeline.ilean -c /Users/david/erdos-lean-build/.lake/build/ir/RequestProject/AnchoredSelectionPipeline.c --setup /Users/david/erdos-lean-build/.lake/build/ir/RequestProject/AnchoredSelectionPipeline.setup.json --json",
   "level": "trace"}],
 "inputs":
 [["RequestProject.AnchoredSelectionPipeline:deps",
   [["deps",
     [["RequestProject/RequestProject:extraDep",
       [["@RequestProject:extraDep", "00000000000006bb"]]],
      ["imports",
       [["Mathlib transitive imports (legacy)", "8fd896a9b3011bd6"],
        ["Mathlib:importAllArts", "8fc2a9ec06d95bdc"],
        ["RequestProject.AnchoredCRTLattice transitive imports (legacy)",
         "9bcba9934f4a6004"],
        ["RequestProject.AnchoredCRTLattice:importAllArts", "d56b4ea52f3cd183"],
        ["RequestProject.AdaptiveClusterSelection transitive imports (legacy)",
         "4db9eeb0e724475f"],
        ["RequestProject.AdaptiveClusterSelection:importAllArts",
         "756fc06040d7f2e0"]]]]],
    ["libs",
     [["import dynlibs", "00000000000006bb"],
      ["package external libraries", "00000000000006bb"],
      ["module dynlibs", "00000000000006bb"],
      ["module plugins", "00000000000006bb"]]]]],
  ["Lean 4.28.0, commit 7e01a1bf5c70fc6167d49c345d3bf80596e9a79b",
   "a96bc04a2e5e9630"],
  ["/Users/david/erdos-lean-build/RequestProject/AnchoredSelectionPipeline.lean",
   "c479e4b41a203d5f"],
  ["options", "00000000000006bb"],
  ["Module.leanArgs: #[]", "00000000000006bb"]],
 "depHash": "709bb6b725d26766"}