{"synthetic": false,
 "schemaVersion": "2025-09-10",
 "outputs":
 {"o": ["7510606d1ac791b2.olean"],
  "i": "65ede093621af80a.ilean",
  "c": "259afa3c60dc10eb.c"},
 "log":
 [{"message":
   ".> LEAN_PATH=/Users/david/Obsidian/Math/Erdős 306/core-packet/lean/.lake/packages/Cli/.lake/build/lib/lean:/Users/david/Obsidian/Math/Erdős 306/core-packet/lean/.lake/packages/batteries/.lake/build/lib/lean:/Users/david/Obsidian/Math/Erdős 306/core-packet/lean/.lake/packages/Qq/.lake/build/lib/lean:/Users/david/Obsidian/Math/Erdős 306/core-packet/lean/.lake/packages/aesop/.lake/build/lib/lean:/Users/david/Obsidian/Math/Erdős 306/core-packet/lean/.lake/packages/proofwidgets/.lake/build/lib/lean:/Users/david/Obsidian/Math/Erdős 306/core-packet/lean/.lake/packages/importGraph/.lake/build/lib/lean:/Users/david/Obsidian/Math/Erdős 306/core-packet/lean/.lake/packages/LeanSearchClient/.lake/build/lib/lean:/Users/david/Obsidian/Math/Erdős 306/core-packet/lean/.lake/packages/plausible/.lake/build/lib/lean:/Users/david/Obsidian/Math/Erdős 306/core-packet/lean/.lake/packages/mathlib/.lake/build/lib/lean:/Users/david/Obsidian/Math/Erdős 306/core-packet/lean/.lake/build/lib/lean /Users/david/.elan/toolchains/leanprover--lean4---v4.28.0/bin/lean /Users/david/Obsidian/Math/Erdős 306/core-packet/lean/RequestProject/ArcConstruction.lean -o /Users/david/Obsidian/Math/Erdős 306/core-packet/lean/.lake/build/lib/lean/RequestProject/ArcConstruction.olean -i /Users/david/Obsidian/Math/Erdős 306/core-packet/lean/.lake/build/lib/lean/RequestProject/ArcConstruction.ilean -c /Users/david/Obsidian/Math/Erdős 306/core-packet/lean/.lake/build/ir/RequestProject/ArcConstruction.c --setup /Users/david/Obsidian/Math/Erdős 306/core-packet/lean/.lake/build/ir/RequestProject/ArcConstruction.setup.json --json",
   "level": "trace"},
  {"message":
   "RequestProject/ArcConstruction.lean:286:51: `Int.ediv_add_emod` has been deprecated: Use `Int.mul_ediv_add_emod` instead",
   "level": "warning"}],
 "inputs":
 [["RequestProject.ArcConstruction:deps",
   [["deps",
     [["RequestProject/RequestProject:extraDep",
       [["@RequestProject:extraDep", "00000000000006bb"]]],
      ["imports",
       [["RequestProject.CircleMethodArcs transitive imports (legacy)",
         "156d2e2900934f81"],
        ["RequestProject.CircleMethodArcs:importAllArts", "e64d519c64ac6717"],
        ["RequestProject.CircleMethodMainTerm transitive imports (legacy)",
         "8346feecc09951bf"],
        ["RequestProject.CircleMethodMainTerm:importAllArts",
         "66192210c38a1aeb"],
        ["RequestProject.BlockSystemConstruction transitive imports (legacy)",
         "60a5652a7a234978"],
        ["RequestProject.BlockSystemConstruction:importAllArts",
         "69f74ac94e0a8fb1"]]]]],
    ["libs",
     [["import dynlibs", "00000000000006bb"],
      ["package external libraries", "00000000000006bb"],
      ["module dynlibs", "00000000000006bb"],
      ["module plugins", "00000000000006bb"]]]]],
  ["Lean 4.28.0, commit 7e01a1bf5c70fc6167d49c345d3bf80596e9a79b",
   "a96bc04a2e5e9630"],
  ["/Users/david/Obsidian/Math/Erdős 306/core-packet/lean/RequestProject/ArcConstruction.lean",
   "c7069ed806534391"],
  ["options", "00000000000006bb"],
  ["Module.leanArgs: #[]", "00000000000006bb"]],
 "depHash": "ac4908d37de50e00"}