{"synthetic": false,
 "schemaVersion": "2025-09-10",
 "outputs":
 {"o": ["dee11452b9733970.olean"],
  "i": "f321ec5e025c40af.ilean",
  "c": "007e1cf145f6a980.c"},
 "log":
 [{"message":
   ".> LEAN_PATH=/Users/david/erdos-lean-build/.lake/packages/Cli/.lake/build/lib/lean:/Users/david/erdos-lean-build/.lake/packages/batteries/.lake/build/lib/lean:/Users/david/erdos-lean-build/.lake/packages/Qq/.lake/build/lib/lean:/Users/david/erdos-lean-build/.lake/packages/aesop/.lake/build/lib/lean:/Users/david/erdos-lean-build/.lake/packages/proofwidgets/.lake/build/lib/lean:/Users/david/erdos-lean-build/.lake/packages/importGraph/.lake/build/lib/lean:/Users/david/erdos-lean-build/.lake/packages/LeanSearchClient/.lake/build/lib/lean:/Users/david/erdos-lean-build/.lake/packages/plausible/.lake/build/lib/lean:/Users/david/erdos-lean-build/.lake/packages/mathlib/.lake/build/lib/lean:/Users/david/erdos-lean-build/.lake/build/lib/lean /Users/david/.elan/toolchains/leanprover--lean4---v4.28.0/bin/lean /Users/david/erdos-lean-build/RequestProject/ClusterSelectionClosure.lean -o /Users/david/erdos-lean-build/.lake/build/lib/lean/RequestProject/ClusterSelectionClosure.olean -i /Users/david/erdos-lean-build/.lake/build/lib/lean/RequestProject/ClusterSelectionClosure.ilean -c /Users/david/erdos-lean-build/.lake/build/ir/RequestProject/ClusterSelectionClosure.c --setup /Users/david/erdos-lean-build/.lake/build/ir/RequestProject/ClusterSelectionClosure.setup.json --json",
   "level": "trace"},
  {"message":
   "RequestProject/ClusterSelectionClosure.lean:181:56: Try this:\n  [apply] ring_nf\n  \n  The `ring` tactic failed to close the goal. Use `ring_nf` to obtain a normal form.\n    \n  Note that `ring` works primarily in *commutative* rings. If you have a noncommutative ring, abelian group or module, consider using `noncomm_ring`, `abel` or `module` instead.",
   "level": "info"},
  {"message":
   "RequestProject/ClusterSelectionClosure.lean:207:37: This simp argument is unused:\n  Int.toNat_of_nonneg\n\nHint: Omit it from the simp argument list.\n  simp_all +decide ̵[̵ ̵I̵n̵t̵.̵t̵o̵N̵a̵t̵_̵o̵f̵_̵n̵o̵n̵n̵e̵g̵ ̵]̵\n\nNote: This linter can be disabled with `set_option linter.unusedSimpArgs false`",
   "level": "warning"},
  {"message":
   "RequestProject/ClusterSelectionClosure.lean:268:2: Try this:\n  [apply] exact Nat.choose_le_pow n k",
   "level": "info"}],
 "inputs":
 [["RequestProject.ClusterSelectionClosure:deps",
   [["deps",
     [["RequestProject/RequestProject:extraDep",
       [["@RequestProject:extraDep", "00000000000006bb"]]],
      ["imports",
       [["Mathlib transitive imports (legacy)", "8fd896a9b3011bd6"],
        ["Mathlib:importAllArts", "8fc2a9ec06d95bdc"],
        ["RequestProject.AnchoredSelectionPipeline transitive imports (legacy)",
         "584e801fcc92c8f6"],
        ["RequestProject.AnchoredSelectionPipeline:importAllArts",
         "34bfdc5874470bdd"]]]]],
    ["libs",
     [["import dynlibs", "00000000000006bb"],
      ["package external libraries", "00000000000006bb"],
      ["module dynlibs", "00000000000006bb"],
      ["module plugins", "00000000000006bb"]]]]],
  ["Lean 4.28.0, commit 7e01a1bf5c70fc6167d49c345d3bf80596e9a79b",
   "a96bc04a2e5e9630"],
  ["/Users/david/erdos-lean-build/RequestProject/ClusterSelectionClosure.lean",
   "e227021f773715dc"],
  ["options", "00000000000006bb"],
  ["Module.leanArgs: #[]", "00000000000006bb"]],
 "depHash": "679a2b67ee9d85d0"}