{"synthetic": false,
 "schemaVersion": "2025-09-10",
 "outputs":
 {"o": ["8e9ac1c06f307ef4.olean"],
  "i": "e196294a1eeeffe9.ilean",
  "c": "9f2c211e73885c43.c"},
 "log":
 [{"message":
   ".> LEAN_PATH=/Users/david/Obsidian/Math/Erdős 306/core-packet/lean/.lake/packages/Cli/.lake/build/lib/lean:/Users/david/Obsidian/Math/Erdős 306/core-packet/lean/.lake/packages/batteries/.lake/build/lib/lean:/Users/david/Obsidian/Math/Erdős 306/core-packet/lean/.lake/packages/Qq/.lake/build/lib/lean:/Users/david/Obsidian/Math/Erdős 306/core-packet/lean/.lake/packages/aesop/.lake/build/lib/lean:/Users/david/Obsidian/Math/Erdős 306/core-packet/lean/.lake/packages/proofwidgets/.lake/build/lib/lean:/Users/david/Obsidian/Math/Erdős 306/core-packet/lean/.lake/packages/importGraph/.lake/build/lib/lean:/Users/david/Obsidian/Math/Erdős 306/core-packet/lean/.lake/packages/LeanSearchClient/.lake/build/lib/lean:/Users/david/Obsidian/Math/Erdős 306/core-packet/lean/.lake/packages/plausible/.lake/build/lib/lean:/Users/david/Obsidian/Math/Erdős 306/core-packet/lean/.lake/packages/mathlib/.lake/build/lib/lean:/Users/david/Obsidian/Math/Erdős 306/core-packet/lean/.lake/build/lib/lean /Users/david/.elan/toolchains/leanprover--lean4---v4.28.0/bin/lean /Users/david/Obsidian/Math/Erdős 306/core-packet/lean/RequestProject/DyadicPrimes.lean -o /Users/david/Obsidian/Math/Erdős 306/core-packet/lean/.lake/build/lib/lean/RequestProject/DyadicPrimes.olean -i /Users/david/Obsidian/Math/Erdős 306/core-packet/lean/.lake/build/lib/lean/RequestProject/DyadicPrimes.ilean -c /Users/david/Obsidian/Math/Erdős 306/core-packet/lean/.lake/build/ir/RequestProject/DyadicPrimes.c --setup /Users/david/Obsidian/Math/Erdős 306/core-packet/lean/.lake/build/ir/RequestProject/DyadicPrimes.setup.json --json",
   "level": "trace"}],
 "inputs":
 [["RequestProject.DyadicPrimes:deps",
   [["deps",
     [["RequestProject/RequestProject:extraDep",
       [["@RequestProject:extraDep", "00000000000006bb"]]],
      ["imports",
       [["RequestProject.DyadicBlockDef transitive imports (legacy)",
         "aba1f91708257719"],
        ["RequestProject.DyadicBlockDef:importAllArts", "dd430cab5ddf3c35"]]]]],
    ["libs",
     [["import dynlibs", "00000000000006bb"],
      ["package external libraries", "00000000000006bb"],
      ["module dynlibs", "00000000000006bb"],
      ["module plugins", "00000000000006bb"]]]]],
  ["Lean 4.28.0, commit 7e01a1bf5c70fc6167d49c345d3bf80596e9a79b",
   "a96bc04a2e5e9630"],
  ["/Users/david/Obsidian/Math/Erdős 306/core-packet/lean/RequestProject/DyadicPrimes.lean",
   "8592670f16737168"],
  ["options", "00000000000006bb"],
  ["Module.leanArgs: #[]", "00000000000006bb"]],
 "depHash": "5c8f15c91894da1f"}