{"synthetic": false,
 "schemaVersion": "2025-09-10",
 "outputs":
 {"o": ["6f801ae850dec994.olean"],
  "i": "e9c8f98426da95ca.ilean",
  "c": "cb81cd6a172e0ed2.c"},
 "log":
 [{"message":
   ".> LEAN_PATH=/Users/david/Obsidian/Math/Erdős 306/core-packet/lean/.lake/packages/Cli/.lake/build/lib/lean:/Users/david/Obsidian/Math/Erdős 306/core-packet/lean/.lake/packages/batteries/.lake/build/lib/lean:/Users/david/Obsidian/Math/Erdős 306/core-packet/lean/.lake/packages/Qq/.lake/build/lib/lean:/Users/david/Obsidian/Math/Erdős 306/core-packet/lean/.lake/packages/aesop/.lake/build/lib/lean:/Users/david/Obsidian/Math/Erdős 306/core-packet/lean/.lake/packages/proofwidgets/.lake/build/lib/lean:/Users/david/Obsidian/Math/Erdős 306/core-packet/lean/.lake/packages/importGraph/.lake/build/lib/lean:/Users/david/Obsidian/Math/Erdős 306/core-packet/lean/.lake/packages/LeanSearchClient/.lake/build/lib/lean:/Users/david/Obsidian/Math/Erdős 306/core-packet/lean/.lake/packages/plausible/.lake/build/lib/lean:/Users/david/Obsidian/Math/Erdős 306/core-packet/lean/.lake/packages/mathlib/.lake/build/lib/lean:/Users/david/Obsidian/Math/Erdős 306/core-packet/lean/.lake/build/lib/lean /Users/david/.elan/toolchains/leanprover--lean4---v4.28.0/bin/lean /Users/david/Obsidian/Math/Erdős 306/core-packet/lean/RequestProject/GlobalControlG7.lean -o /Users/david/Obsidian/Math/Erdős 306/core-packet/lean/.lake/build/lib/lean/RequestProject/GlobalControlG7.olean -i /Users/david/Obsidian/Math/Erdős 306/core-packet/lean/.lake/build/lib/lean/RequestProject/GlobalControlG7.ilean -c /Users/david/Obsidian/Math/Erdős 306/core-packet/lean/.lake/build/ir/RequestProject/GlobalControlG7.c --setup /Users/david/Obsidian/Math/Erdős 306/core-packet/lean/.lake/build/ir/RequestProject/GlobalControlG7.setup.json --json",
   "level": "trace"},
  {"message":
   "RequestProject/GlobalControlG7.lean:292:15: unused variable `heps`\n\nNote: This linter can be disabled with `set_option linter.unusedVariables false`",
   "level": "warning"}],
 "inputs":
 [["RequestProject.GlobalControlG7:deps",
   [["deps",
     [["RequestProject/RequestProject:extraDep",
       [["@RequestProject:extraDep", "00000000000006bb"]]],
      ["imports",
       [["RequestProject.GlobalControl transitive imports (legacy)",
         "fc806912ec3ab3b9"],
        ["RequestProject.GlobalControl:importAllArts", "d7f072fda1246bcf"],
        ["RequestProject.GlobalControlG6 transitive imports (legacy)",
         "73ad78291df7285a"],
        ["RequestProject.GlobalControlG6:importAllArts", "c4d8f04424e40bbb"],
        ["RequestProject.GlobalControlSectorI transitive imports (legacy)",
         "9033ce8a76a34ac1"],
        ["RequestProject.GlobalControlSectorI:importAllArts",
         "639454fafb41ff0b"],
        ["RequestProject.GlobalControlG5Assembly transitive imports (legacy)",
         "3acb70b9e40fb5d7"],
        ["RequestProject.GlobalControlG5Assembly:importAllArts",
         "d803190dd9dfc1d4"]]]]],
    ["libs",
     [["import dynlibs", "00000000000006bb"],
      ["package external libraries", "00000000000006bb"],
      ["module dynlibs", "00000000000006bb"],
      ["module plugins", "00000000000006bb"]]]]],
  ["Lean 4.28.0, commit 7e01a1bf5c70fc6167d49c345d3bf80596e9a79b",
   "a96bc04a2e5e9630"],
  ["/Users/david/Obsidian/Math/Erdős 306/core-packet/lean/RequestProject/GlobalControlG7.lean",
   "388c4cf16205b78e"],
  ["options", "00000000000006bb"],
  ["Module.leanArgs: #[]", "00000000000006bb"]],
 "depHash": "b3263e738eabb826"}