{"synthetic": false,
 "schemaVersion": "2025-09-10",
 "outputs":
 {"o": ["990845cfb3b2ef80.olean"],
  "i": "db50a9083ba8f223.ilean",
  "c": "e2e6be4c47f3f37b.c"},
 "log":
 [{"message":
   ".> LEAN_PATH=/Users/david/Obsidian/Math/Erdős 306/core-packet/lean/.lake/packages/Cli/.lake/build/lib/lean:/Users/david/Obsidian/Math/Erdős 306/core-packet/lean/.lake/packages/batteries/.lake/build/lib/lean:/Users/david/Obsidian/Math/Erdős 306/core-packet/lean/.lake/packages/Qq/.lake/build/lib/lean:/Users/david/Obsidian/Math/Erdős 306/core-packet/lean/.lake/packages/aesop/.lake/build/lib/lean:/Users/david/Obsidian/Math/Erdős 306/core-packet/lean/.lake/packages/proofwidgets/.lake/build/lib/lean:/Users/david/Obsidian/Math/Erdős 306/core-packet/lean/.lake/packages/importGraph/.lake/build/lib/lean:/Users/david/Obsidian/Math/Erdős 306/core-packet/lean/.lake/packages/LeanSearchClient/.lake/build/lib/lean:/Users/david/Obsidian/Math/Erdős 306/core-packet/lean/.lake/packages/plausible/.lake/build/lib/lean:/Users/david/Obsidian/Math/Erdős 306/core-packet/lean/.lake/packages/mathlib/.lake/build/lib/lean:/Users/david/Obsidian/Math/Erdős 306/core-packet/lean/.lake/build/lib/lean /Users/david/.elan/toolchains/leanprover--lean4---v4.28.0/bin/lean /Users/david/Obsidian/Math/Erdős 306/core-packet/lean/RequestProject/R2AssemblySkeleton.lean -o /Users/david/Obsidian/Math/Erdős 306/core-packet/lean/.lake/build/lib/lean/RequestProject/R2AssemblySkeleton.olean -i /Users/david/Obsidian/Math/Erdős 306/core-packet/lean/.lake/build/lib/lean/RequestProject/R2AssemblySkeleton.ilean -c /Users/david/Obsidian/Math/Erdős 306/core-packet/lean/.lake/build/ir/RequestProject/R2AssemblySkeleton.c --setup /Users/david/Obsidian/Math/Erdős 306/core-packet/lean/.lake/build/ir/RequestProject/R2AssemblySkeleton.setup.json --json",
   "level": "trace"}],
 "inputs":
 [["RequestProject.R2AssemblySkeleton:deps",
   [["deps",
     [["RequestProject/RequestProject:extraDep",
       [["@RequestProject:extraDep", "00000000000006bb"]]],
      ["imports",
       [["RequestProject.BlockMassPool transitive imports (legacy)",
         "da4a39b4780eb271"],
        ["RequestProject.BlockMassPool:importAllArts", "056bd781a88408a7"],
        ["RequestProject.ExtraEnergyMinorArc transitive imports (legacy)",
         "a0201dbcdfe6fd9a"],
        ["RequestProject.ExtraEnergyMinorArc:importAllArts",
         "4f368095dbc425cb"],
        ["RequestProject.ExtraMinorDamping transitive imports (legacy)",
         "c102c24a655e966d"],
        ["RequestProject.ExtraMinorDamping:importAllArts", "2a36a6931c2f66fc"],
        ["RequestProject.ArcConstructionSigma transitive imports (legacy)",
         "122ab4dd4a9f52b5"],
        ["RequestProject.ArcConstructionSigma:importAllArts",
         "011fa0bf56b5af7a"]]]]],
    ["libs",
     [["import dynlibs", "00000000000006bb"],
      ["package external libraries", "00000000000006bb"],
      ["module dynlibs", "00000000000006bb"],
      ["module plugins", "00000000000006bb"]]]]],
  ["Lean 4.28.0, commit 7e01a1bf5c70fc6167d49c345d3bf80596e9a79b",
   "a96bc04a2e5e9630"],
  ["/Users/david/Obsidian/Math/Erdős 306/core-packet/lean/RequestProject/R2AssemblySkeleton.lean",
   "f2b737062ff5fd85"],
  ["options", "00000000000006bb"],
  ["Module.leanArgs: #[]", "00000000000006bb"]],
 "depHash": "6a301e11bdcddabb"}