{"synthetic": false,
 "schemaVersion": "2025-09-10",
 "outputs":
 {"o": ["70665a393ac71023.olean"],
  "i": "ec512464a917ffce.ilean",
  "c": "7b0c820f9e27a318.c"},
 "log":
 [{"message":
   ".> LEAN_PATH=/Users/david/Obsidian/Math/Erdős 306/core-packet/lean/.lake/packages/Cli/.lake/build/lib/lean:/Users/david/Obsidian/Math/Erdős 306/core-packet/lean/.lake/packages/batteries/.lake/build/lib/lean:/Users/david/Obsidian/Math/Erdős 306/core-packet/lean/.lake/packages/Qq/.lake/build/lib/lean:/Users/david/Obsidian/Math/Erdős 306/core-packet/lean/.lake/packages/aesop/.lake/build/lib/lean:/Users/david/Obsidian/Math/Erdős 306/core-packet/lean/.lake/packages/proofwidgets/.lake/build/lib/lean:/Users/david/Obsidian/Math/Erdős 306/core-packet/lean/.lake/packages/importGraph/.lake/build/lib/lean:/Users/david/Obsidian/Math/Erdős 306/core-packet/lean/.lake/packages/LeanSearchClient/.lake/build/lib/lean:/Users/david/Obsidian/Math/Erdős 306/core-packet/lean/.lake/packages/plausible/.lake/build/lib/lean:/Users/david/Obsidian/Math/Erdős 306/core-packet/lean/.lake/packages/mathlib/.lake/build/lib/lean:/Users/david/Obsidian/Math/Erdős 306/core-packet/lean/.lake/build/lib/lean /Users/david/.elan/toolchains/leanprover--lean4---v4.28.0/bin/lean /Users/david/Obsidian/Math/Erdős 306/core-packet/lean/RequestProject/R2FinalAssemblyRaw.lean -o /Users/david/Obsidian/Math/Erdős 306/core-packet/lean/.lake/build/lib/lean/RequestProject/R2FinalAssemblyRaw.olean -i /Users/david/Obsidian/Math/Erdős 306/core-packet/lean/.lake/build/lib/lean/RequestProject/R2FinalAssemblyRaw.ilean -c /Users/david/Obsidian/Math/Erdős 306/core-packet/lean/.lake/build/ir/RequestProject/R2FinalAssemblyRaw.c --setup /Users/david/Obsidian/Math/Erdős 306/core-packet/lean/.lake/build/ir/RequestProject/R2FinalAssemblyRaw.setup.json --json",
   "level": "trace"}],
 "inputs":
 [["RequestProject.R2FinalAssemblyRaw:deps",
   [["deps",
     [["RequestProject/RequestProject:extraDep",
       [["@RequestProject:extraDep", "00000000000006bb"]]],
      ["imports",
       [["RequestProject.R2FinalAssembly transitive imports (legacy)",
         "be261e3a42390374"],
        ["RequestProject.R2FinalAssembly:importAllArts",
         "5bd7540b43fdc209"]]]]],
    ["libs",
     [["import dynlibs", "00000000000006bb"],
      ["package external libraries", "00000000000006bb"],
      ["module dynlibs", "00000000000006bb"],
      ["module plugins", "00000000000006bb"]]]]],
  ["Lean 4.28.0, commit 7e01a1bf5c70fc6167d49c345d3bf80596e9a79b",
   "a96bc04a2e5e9630"],
  ["/Users/david/Obsidian/Math/Erdős 306/core-packet/lean/RequestProject/R2FinalAssemblyRaw.lean",
   "97351c15036e1043"],
  ["options", "00000000000006bb"],
  ["Module.leanArgs: #[]", "00000000000006bb"]],
 "depHash": "90141e8233db8f35"}