{"synthetic": false,
 "schemaVersion": "2025-09-10",
 "outputs":
 {"o": ["c0eeed055ab0c365.olean"],
  "i": "aff06372261ea6ce.ilean",
  "c": "f5d0713d8ec4db3f.c"},
 "log":
 [{"message":
   ".> LEAN_PATH=/Users/david/Obsidian/Math/Erdős 306/core-packet/lean/.lake/packages/Cli/.lake/build/lib/lean:/Users/david/Obsidian/Math/Erdős 306/core-packet/lean/.lake/packages/batteries/.lake/build/lib/lean:/Users/david/Obsidian/Math/Erdős 306/core-packet/lean/.lake/packages/Qq/.lake/build/lib/lean:/Users/david/Obsidian/Math/Erdős 306/core-packet/lean/.lake/packages/aesop/.lake/build/lib/lean:/Users/david/Obsidian/Math/Erdős 306/core-packet/lean/.lake/packages/proofwidgets/.lake/build/lib/lean:/Users/david/Obsidian/Math/Erdős 306/core-packet/lean/.lake/packages/importGraph/.lake/build/lib/lean:/Users/david/Obsidian/Math/Erdős 306/core-packet/lean/.lake/packages/LeanSearchClient/.lake/build/lib/lean:/Users/david/Obsidian/Math/Erdős 306/core-packet/lean/.lake/packages/plausible/.lake/build/lib/lean:/Users/david/Obsidian/Math/Erdős 306/core-packet/lean/.lake/packages/mathlib/.lake/build/lib/lean:/Users/david/Obsidian/Math/Erdős 306/core-packet/lean/.lake/build/lib/lean /Users/david/.elan/toolchains/leanprover--lean4---v4.28.0/bin/lean /Users/david/Obsidian/Math/Erdős 306/core-packet/lean/RequestProject/R2ForbiddenBaseBudget.lean -o /Users/david/Obsidian/Math/Erdős 306/core-packet/lean/.lake/build/lib/lean/RequestProject/R2ForbiddenBaseBudget.olean -i /Users/david/Obsidian/Math/Erdős 306/core-packet/lean/.lake/build/lib/lean/RequestProject/R2ForbiddenBaseBudget.ilean -c /Users/david/Obsidian/Math/Erdős 306/core-packet/lean/.lake/build/ir/RequestProject/R2ForbiddenBaseBudget.c --setup /Users/david/Obsidian/Math/Erdős 306/core-packet/lean/.lake/build/ir/RequestProject/R2ForbiddenBaseBudget.setup.json --json",
   "level": "trace"}],
 "inputs":
 [["RequestProject.R2ForbiddenBaseBudget:deps",
   [["deps",
     [["RequestProject/RequestProject:extraDep",
       [["@RequestProject:extraDep", "00000000000006bb"]]],
      ["imports",
       [["RequestProject.R2DyadicBlockSupport transitive imports (legacy)",
         "20efbb3007f2d210"],
        ["RequestProject.R2DyadicBlockSupport:importAllArts",
         "ba808fc44655c6b4"]]]]],
    ["libs",
     [["import dynlibs", "00000000000006bb"],
      ["package external libraries", "00000000000006bb"],
      ["module dynlibs", "00000000000006bb"],
      ["module plugins", "00000000000006bb"]]]]],
  ["Lean 4.28.0, commit 7e01a1bf5c70fc6167d49c345d3bf80596e9a79b",
   "a96bc04a2e5e9630"],
  ["/Users/david/Obsidian/Math/Erdős 306/core-packet/lean/RequestProject/R2ForbiddenBaseBudget.lean",
   "30b4ae82bee5e787"],
  ["options", "00000000000006bb"],
  ["Module.leanArgs: #[]", "00000000000006bb"]],
 "depHash": "8ac00ae96aa734f7"}