{"synthetic": false,
 "schemaVersion": "2025-09-10",
 "outputs":
 {"o": ["1220cd9db02ef8f5.olean"],
  "i": "ccf586a321f08e8c.ilean",
  "c": "2df7d7f089b900e6.c"},
 "log":
 [{"message":
   ".> LEAN_PATH=/Users/david/Obsidian/Math/Erdős 306/core-packet/lean/.lake/packages/Cli/.lake/build/lib/lean:/Users/david/Obsidian/Math/Erdős 306/core-packet/lean/.lake/packages/batteries/.lake/build/lib/lean:/Users/david/Obsidian/Math/Erdős 306/core-packet/lean/.lake/packages/Qq/.lake/build/lib/lean:/Users/david/Obsidian/Math/Erdős 306/core-packet/lean/.lake/packages/aesop/.lake/build/lib/lean:/Users/david/Obsidian/Math/Erdős 306/core-packet/lean/.lake/packages/proofwidgets/.lake/build/lib/lean:/Users/david/Obsidian/Math/Erdős 306/core-packet/lean/.lake/packages/importGraph/.lake/build/lib/lean:/Users/david/Obsidian/Math/Erdős 306/core-packet/lean/.lake/packages/LeanSearchClient/.lake/build/lib/lean:/Users/david/Obsidian/Math/Erdős 306/core-packet/lean/.lake/packages/plausible/.lake/build/lib/lean:/Users/david/Obsidian/Math/Erdős 306/core-packet/lean/.lake/packages/mathlib/.lake/build/lib/lean:/Users/david/Obsidian/Math/Erdős 306/core-packet/lean/.lake/build/lib/lean /Users/david/.elan/toolchains/leanprover--lean4---v4.28.0/bin/lean /Users/david/Obsidian/Math/Erdős 306/core-packet/lean/RequestProject/R2MinorEndgameMultiGadget.lean -o /Users/david/Obsidian/Math/Erdős 306/core-packet/lean/.lake/build/lib/lean/RequestProject/R2MinorEndgameMultiGadget.olean -i /Users/david/Obsidian/Math/Erdős 306/core-packet/lean/.lake/build/lib/lean/RequestProject/R2MinorEndgameMultiGadget.ilean -c /Users/david/Obsidian/Math/Erdős 306/core-packet/lean/.lake/build/ir/RequestProject/R2MinorEndgameMultiGadget.c --setup /Users/david/Obsidian/Math/Erdős 306/core-packet/lean/.lake/build/ir/RequestProject/R2MinorEndgameMultiGadget.setup.json --json",
   "level": "trace"}],
 "inputs":
 [["RequestProject.R2MinorEndgameMultiGadget:deps",
   [["deps",
     [["RequestProject/RequestProject:extraDep",
       [["@RequestProject:extraDep", "00000000000006bb"]]],
      ["imports",
       [["RequestProject.R2MinorReady transitive imports (legacy)",
         "3c2fa297e3203b14"],
        ["RequestProject.R2MinorReady:importAllArts", "bf863abef653f73a"],
        ["RequestProject.R2ExtraMultiGadgetReservoir transitive imports (legacy)",
         "515e2dc89bf9e244"],
        ["RequestProject.R2ExtraMultiGadgetReservoir:importAllArts",
         "aec7abc4c211a8d3"],
        ["RequestProject.R2ComponentCoreSupply transitive imports (legacy)",
         "82266ffcadf7c648"],
        ["RequestProject.R2ComponentCoreSupply:importAllArts",
         "f85e3a669fb5e1b7"]]]]],
    ["libs",
     [["import dynlibs", "00000000000006bb"],
      ["package external libraries", "00000000000006bb"],
      ["module dynlibs", "00000000000006bb"],
      ["module plugins", "00000000000006bb"]]]]],
  ["Lean 4.28.0, commit 7e01a1bf5c70fc6167d49c345d3bf80596e9a79b",
   "a96bc04a2e5e9630"],
  ["/Users/david/Obsidian/Math/Erdős 306/core-packet/lean/RequestProject/R2MinorEndgameMultiGadget.lean",
   "cc51015b47ab01f9"],
  ["options", "00000000000006bb"],
  ["Module.leanArgs: #[]", "00000000000006bb"]],
 "depHash": "45f369614e72c397"}