{"synthetic": false,
 "schemaVersion": "2025-09-10",
 "outputs":
 {"o": ["2ba52bee7b0fe9f0.olean"],
  "i": "db5a3860b78455ac.ilean",
  "c": "cc141d3484fe8e88.c"},
 "log":
 [{"message":
   ".> LEAN_PATH=/Users/david/Obsidian/Math/Erdős 306/core-packet/lean/.lake/packages/Cli/.lake/build/lib/lean:/Users/david/Obsidian/Math/Erdős 306/core-packet/lean/.lake/packages/batteries/.lake/build/lib/lean:/Users/david/Obsidian/Math/Erdős 306/core-packet/lean/.lake/packages/Qq/.lake/build/lib/lean:/Users/david/Obsidian/Math/Erdős 306/core-packet/lean/.lake/packages/aesop/.lake/build/lib/lean:/Users/david/Obsidian/Math/Erdős 306/core-packet/lean/.lake/packages/proofwidgets/.lake/build/lib/lean:/Users/david/Obsidian/Math/Erdős 306/core-packet/lean/.lake/packages/importGraph/.lake/build/lib/lean:/Users/david/Obsidian/Math/Erdős 306/core-packet/lean/.lake/packages/LeanSearchClient/.lake/build/lib/lean:/Users/david/Obsidian/Math/Erdős 306/core-packet/lean/.lake/packages/plausible/.lake/build/lib/lean:/Users/david/Obsidian/Math/Erdős 306/core-packet/lean/.lake/packages/mathlib/.lake/build/lib/lean:/Users/david/Obsidian/Math/Erdős 306/core-packet/lean/.lake/build/lib/lean /Users/david/.elan/toolchains/leanprover--lean4---v4.28.0/bin/lean /Users/david/Obsidian/Math/Erdős 306/core-packet/lean/RequestProject/R2MinorEndgameGadget.lean -o /Users/david/Obsidian/Math/Erdős 306/core-packet/lean/.lake/build/lib/lean/RequestProject/R2MinorEndgameGadget.olean -i /Users/david/Obsidian/Math/Erdős 306/core-packet/lean/.lake/build/lib/lean/RequestProject/R2MinorEndgameGadget.ilean -c /Users/david/Obsidian/Math/Erdős 306/core-packet/lean/.lake/build/ir/RequestProject/R2MinorEndgameGadget.c --setup /Users/david/Obsidian/Math/Erdős 306/core-packet/lean/.lake/build/ir/RequestProject/R2MinorEndgameGadget.setup.json --json",
   "level": "trace"}],
 "inputs":
 [["RequestProject.R2MinorEndgameGadget:deps",
   [["deps",
     [["RequestProject/RequestProject:extraDep",
       [["@RequestProject:extraDep", "00000000000006bb"]]],
      ["imports",
       [["RequestProject.R2MinorReady transitive imports (legacy)",
         "3c2fa297e3203b14"],
        ["RequestProject.R2MinorReady:importAllArts", "bf863abef653f73a"],
        ["RequestProject.R2FourierFactor transitive imports (legacy)",
         "695b10c1bef5cce4"],
        ["RequestProject.R2FourierFactor:importAllArts",
         "9ab1a5c5fb611601"]]]]],
    ["libs",
     [["import dynlibs", "00000000000006bb"],
      ["package external libraries", "00000000000006bb"],
      ["module dynlibs", "00000000000006bb"],
      ["module plugins", "00000000000006bb"]]]]],
  ["Lean 4.28.0, commit 7e01a1bf5c70fc6167d49c345d3bf80596e9a79b",
   "a96bc04a2e5e9630"],
  ["/Users/david/Obsidian/Math/Erdős 306/core-packet/lean/RequestProject/R2MinorEndgameGadget.lean",
   "d4e7690a7515bbd5"],
  ["options", "00000000000006bb"],
  ["Module.leanArgs: #[]", "00000000000006bb"]],
 "depHash": "0a1419ee6d0637fd"}