{"synthetic": false,
 "schemaVersion": "2025-09-10",
 "outputs":
 {"o": ["77f8c9d2a0c69cc0.olean"],
  "i": "19c503c59d10b16b.ilean",
  "c": "4a8b5c18439bf231.c"},
 "log":
 [{"message":
   ".> LEAN_PATH=/Users/david/Obsidian/Math/Erdős 306/core-packet/lean/.lake/packages/Cli/.lake/build/lib/lean:/Users/david/Obsidian/Math/Erdős 306/core-packet/lean/.lake/packages/batteries/.lake/build/lib/lean:/Users/david/Obsidian/Math/Erdős 306/core-packet/lean/.lake/packages/Qq/.lake/build/lib/lean:/Users/david/Obsidian/Math/Erdős 306/core-packet/lean/.lake/packages/aesop/.lake/build/lib/lean:/Users/david/Obsidian/Math/Erdős 306/core-packet/lean/.lake/packages/proofwidgets/.lake/build/lib/lean:/Users/david/Obsidian/Math/Erdős 306/core-packet/lean/.lake/packages/importGraph/.lake/build/lib/lean:/Users/david/Obsidian/Math/Erdős 306/core-packet/lean/.lake/packages/LeanSearchClient/.lake/build/lib/lean:/Users/david/Obsidian/Math/Erdős 306/core-packet/lean/.lake/packages/plausible/.lake/build/lib/lean:/Users/david/Obsidian/Math/Erdős 306/core-packet/lean/.lake/packages/mathlib/.lake/build/lib/lean:/Users/david/Obsidian/Math/Erdős 306/core-packet/lean/.lake/build/lib/lean /Users/david/.elan/toolchains/leanprover--lean4---v4.28.0/bin/lean /Users/david/Obsidian/Math/Erdős 306/core-packet/lean/RequestProject/R2MinorReadyArc.lean -o /Users/david/Obsidian/Math/Erdős 306/core-packet/lean/.lake/build/lib/lean/RequestProject/R2MinorReadyArc.olean -i /Users/david/Obsidian/Math/Erdős 306/core-packet/lean/.lake/build/lib/lean/RequestProject/R2MinorReadyArc.ilean -c /Users/david/Obsidian/Math/Erdős 306/core-packet/lean/.lake/build/ir/RequestProject/R2MinorReadyArc.c --setup /Users/david/Obsidian/Math/Erdős 306/core-packet/lean/.lake/build/ir/RequestProject/R2MinorReadyArc.setup.json --json",
   "level": "trace"}],
 "inputs":
 [["RequestProject.R2MinorReadyArc:deps",
   [["deps",
     [["RequestProject/RequestProject:extraDep",
       [["@RequestProject:extraDep", "00000000000006bb"]]],
      ["imports",
       [["RequestProject.R2MinorEndgameGadget transitive imports (legacy)",
         "2b3b70765d43a968"],
        ["RequestProject.R2MinorEndgameGadget:importAllArts",
         "2cf9d42d57dd903f"],
        ["RequestProject.R2MinorEndgameMultiGadget transitive imports (legacy)",
         "4bc74a96cf42c708"],
        ["RequestProject.R2MinorEndgameMultiGadget:importAllArts",
         "fe063a64fa78bab2"],
        ["RequestProject.R2MinorEndgameFrequency transitive imports (legacy)",
         "a68c38b3c7b6a9f2"],
        ["RequestProject.R2MinorEndgameFrequency:importAllArts",
         "d48cef75d34d204e"],
        ["RequestProject.R2MassBatchWeights transitive imports (legacy)",
         "fda2dbfb8a50116b"],
        ["RequestProject.R2MassBatchWeights:importAllArts",
         "18d49aa1bb642489"]]]]],
    ["libs",
     [["import dynlibs", "00000000000006bb"],
      ["package external libraries", "00000000000006bb"],
      ["module dynlibs", "00000000000006bb"],
      ["module plugins", "00000000000006bb"]]]]],
  ["Lean 4.28.0, commit 7e01a1bf5c70fc6167d49c345d3bf80596e9a79b",
   "a96bc04a2e5e9630"],
  ["/Users/david/Obsidian/Math/Erdős 306/core-packet/lean/RequestProject/R2MinorReadyArc.lean",
   "22442213f196e91e"],
  ["options", "00000000000006bb"],
  ["Module.leanArgs: #[]", "00000000000006bb"]],
 "depHash": "3d6c174abb63c75d"}