{"synthetic": false,
 "schemaVersion": "2025-09-10",
 "outputs":
 {"o": ["39f79b87ff4aa1ec.olean"],
  "i": "66f5b550739ba224.ilean",
  "c": "3ac360a4a5126ae0.c"},
 "log":
 [{"message":
   ".> LEAN_PATH=/Users/david/Obsidian/Math/Erdős 306/core-packet/lean/.lake/packages/Cli/.lake/build/lib/lean:/Users/david/Obsidian/Math/Erdős 306/core-packet/lean/.lake/packages/batteries/.lake/build/lib/lean:/Users/david/Obsidian/Math/Erdős 306/core-packet/lean/.lake/packages/Qq/.lake/build/lib/lean:/Users/david/Obsidian/Math/Erdős 306/core-packet/lean/.lake/packages/aesop/.lake/build/lib/lean:/Users/david/Obsidian/Math/Erdős 306/core-packet/lean/.lake/packages/proofwidgets/.lake/build/lib/lean:/Users/david/Obsidian/Math/Erdős 306/core-packet/lean/.lake/packages/importGraph/.lake/build/lib/lean:/Users/david/Obsidian/Math/Erdős 306/core-packet/lean/.lake/packages/LeanSearchClient/.lake/build/lib/lean:/Users/david/Obsidian/Math/Erdős 306/core-packet/lean/.lake/packages/plausible/.lake/build/lib/lean:/Users/david/Obsidian/Math/Erdős 306/core-packet/lean/.lake/packages/mathlib/.lake/build/lib/lean:/Users/david/Obsidian/Math/Erdős 306/core-packet/lean/.lake/build/lib/lean /Users/david/.elan/toolchains/leanprover--lean4---v4.28.0/bin/lean /Users/david/Obsidian/Math/Erdős 306/core-packet/lean/RequestProject/R2SelectedQReady.lean -o /Users/david/Obsidian/Math/Erdős 306/core-packet/lean/.lake/build/lib/lean/RequestProject/R2SelectedQReady.olean -i /Users/david/Obsidian/Math/Erdős 306/core-packet/lean/.lake/build/lib/lean/RequestProject/R2SelectedQReady.ilean -c /Users/david/Obsidian/Math/Erdős 306/core-packet/lean/.lake/build/ir/RequestProject/R2SelectedQReady.c --setup /Users/david/Obsidian/Math/Erdős 306/core-packet/lean/.lake/build/ir/RequestProject/R2SelectedQReady.setup.json --json",
   "level": "trace"}],
 "inputs":
 [["RequestProject.R2SelectedQReady:deps",
   [["deps",
     [["RequestProject/RequestProject:extraDep",
       [["@RequestProject:extraDep", "00000000000006bb"]]],
      ["imports",
       [["RequestProject.R2ComponentMassReady transitive imports (legacy)",
         "ee311455641b178d"],
        ["RequestProject.R2ComponentMassReady:importAllArts",
         "e95de3b2b7dc7eb9"],
        ["RequestProject.R2ComponentCoreSupply transitive imports (legacy)",
         "82266ffcadf7c648"],
        ["RequestProject.R2ComponentCoreSupply:importAllArts",
         "f85e3a669fb5e1b7"]]]]],
    ["libs",
     [["import dynlibs", "00000000000006bb"],
      ["package external libraries", "00000000000006bb"],
      ["module dynlibs", "00000000000006bb"],
      ["module plugins", "00000000000006bb"]]]]],
  ["Lean 4.28.0, commit 7e01a1bf5c70fc6167d49c345d3bf80596e9a79b",
   "a96bc04a2e5e9630"],
  ["/Users/david/Obsidian/Math/Erdős 306/core-packet/lean/RequestProject/R2SelectedQReady.lean",
   "0d0e05e47b46d449"],
  ["options", "00000000000006bb"],
  ["Module.leanArgs: #[]", "00000000000006bb"]],
 "depHash": "dfb3b90256ad27d8"}