{"synthetic": false,
 "schemaVersion": "2025-09-10",
 "outputs":
 {"o": ["23e4c417934fc117.olean"],
  "i": "968355ee632df320.ilean",
  "c": "7ec68fc1d810f466.c"},
 "log":
 [{"message":
   ".> LEAN_PATH=/Users/david/Obsidian/Math/Erdős 306/core-packet/lean/.lake/packages/Cli/.lake/build/lib/lean:/Users/david/Obsidian/Math/Erdős 306/core-packet/lean/.lake/packages/batteries/.lake/build/lib/lean:/Users/david/Obsidian/Math/Erdős 306/core-packet/lean/.lake/packages/Qq/.lake/build/lib/lean:/Users/david/Obsidian/Math/Erdős 306/core-packet/lean/.lake/packages/aesop/.lake/build/lib/lean:/Users/david/Obsidian/Math/Erdős 306/core-packet/lean/.lake/packages/proofwidgets/.lake/build/lib/lean:/Users/david/Obsidian/Math/Erdős 306/core-packet/lean/.lake/packages/importGraph/.lake/build/lib/lean:/Users/david/Obsidian/Math/Erdős 306/core-packet/lean/.lake/packages/LeanSearchClient/.lake/build/lib/lean:/Users/david/Obsidian/Math/Erdős 306/core-packet/lean/.lake/packages/plausible/.lake/build/lib/lean:/Users/david/Obsidian/Math/Erdős 306/core-packet/lean/.lake/packages/mathlib/.lake/build/lib/lean:/Users/david/Obsidian/Math/Erdős 306/core-packet/lean/.lake/build/lib/lean /Users/david/.elan/toolchains/leanprover--lean4---v4.28.0/bin/lean /Users/david/Obsidian/Math/Erdős 306/core-packet/lean/RequestProject/R2TopAssembly.lean -o /Users/david/Obsidian/Math/Erdős 306/core-packet/lean/.lake/build/lib/lean/RequestProject/R2TopAssembly.olean -i /Users/david/Obsidian/Math/Erdős 306/core-packet/lean/.lake/build/lib/lean/RequestProject/R2TopAssembly.ilean -c /Users/david/Obsidian/Math/Erdős 306/core-packet/lean/.lake/build/ir/RequestProject/R2TopAssembly.c --setup /Users/david/Obsidian/Math/Erdős 306/core-packet/lean/.lake/build/ir/RequestProject/R2TopAssembly.setup.json --json",
   "level": "trace"},
  {"message":
   "RequestProject/R2TopAssembly.lean:61:8: declaration uses `sorry`",
   "level": "warning"}],
 "inputs":
 [["RequestProject.R2TopAssembly:deps",
   [["deps",
     [["RequestProject/RequestProject:extraDep",
       [["@RequestProject:extraDep", "00000000000006bb"]]],
      ["imports",
       [["RequestProject.R2MinorReadyArc transitive imports (legacy)",
         "3164c9c837cb2f12"],
        ["RequestProject.R2MinorReadyArc:importAllArts", "5102c1a11119f3a0"],
        ["RequestProject.R2MassBatchBaseLoadBudget transitive imports (legacy)",
         "9206d1b206f898ab"],
        ["RequestProject.R2MassBatchBaseLoadBudget:importAllArts",
         "58f4f71bc659f2dc"],
        ["RequestProject.R2BaseBudgetAssembly transitive imports (legacy)",
         "828417d4f1bff4da"],
        ["RequestProject.R2BaseBudgetAssembly:importAllArts",
         "51a30200a2493a91"],
        ["RequestProject.R2DyadicBlockSupport transitive imports (legacy)",
         "7a1226824216f648"],
        ["RequestProject.R2DyadicBlockSupport:importAllArts",
         "ba808fc44655c6b4"],
        ["RequestProject.R2MainArcClassification transitive imports (legacy)",
         "b58338b6cee01132"],
        ["RequestProject.R2MainArcClassification:importAllArts",
         "4822d2ed0441fe39"]]]]],
    ["libs",
     [["import dynlibs", "00000000000006bb"],
      ["package external libraries", "00000000000006bb"],
      ["module dynlibs", "00000000000006bb"],
      ["module plugins", "00000000000006bb"]]]]],
  ["Lean 4.28.0, commit 7e01a1bf5c70fc6167d49c345d3bf80596e9a79b",
   "a96bc04a2e5e9630"],
  ["/Users/david/Obsidian/Math/Erdős 306/core-packet/lean/RequestProject/R2TopAssembly.lean",
   "acedbdfd7342edf7"],
  ["options", "00000000000006bb"],
  ["Module.leanArgs: #[]", "00000000000006bb"]],
 "depHash": "6e6bc8dfcbc55ef0"}