{"synthetic": false,
 "schemaVersion": "2025-09-10",
 "outputs":
 {"o": ["ad7639a6a9bc031b.olean"],
  "i": "bd86b62c890863a2.ilean",
  "c": "72c407cd7458862e.c"},
 "log":
 [{"message":
   ".> LEAN_PATH=/Users/david/erdos-lean-build/.lake/packages/Cli/.lake/build/lib/lean:/Users/david/erdos-lean-build/.lake/packages/batteries/.lake/build/lib/lean:/Users/david/erdos-lean-build/.lake/packages/Qq/.lake/build/lib/lean:/Users/david/erdos-lean-build/.lake/packages/aesop/.lake/build/lib/lean:/Users/david/erdos-lean-build/.lake/packages/proofwidgets/.lake/build/lib/lean:/Users/david/erdos-lean-build/.lake/packages/importGraph/.lake/build/lib/lean:/Users/david/erdos-lean-build/.lake/packages/LeanSearchClient/.lake/build/lib/lean:/Users/david/erdos-lean-build/.lake/packages/plausible/.lake/build/lib/lean:/Users/david/erdos-lean-build/.lake/packages/mathlib/.lake/build/lib/lean:/Users/david/erdos-lean-build/.lake/build/lib/lean /Users/david/.elan/toolchains/leanprover--lean4---v4.28.0/bin/lean /Users/david/erdos-lean-build/RequestProject/ResidualPrimeShellCRT.lean -o /Users/david/erdos-lean-build/.lake/build/lib/lean/RequestProject/ResidualPrimeShellCRT.olean -i /Users/david/erdos-lean-build/.lake/build/lib/lean/RequestProject/ResidualPrimeShellCRT.ilean -c /Users/david/erdos-lean-build/.lake/build/ir/RequestProject/ResidualPrimeShellCRT.c --setup /Users/david/erdos-lean-build/.lake/build/ir/RequestProject/ResidualPrimeShellCRT.setup.json --json",
   "level": "trace"}],
 "inputs":
 [["RequestProject.ResidualPrimeShellCRT:deps",
   [["deps",
     [["RequestProject/RequestProject:extraDep",
       [["@RequestProject:extraDep", "00000000000006bb"]]],
      ["imports",
       [["Mathlib transitive imports (legacy)", "8fd896a9b3011bd6"],
        ["Mathlib:importAllArts", "8fc2a9ec06d95bdc"],
        ["RequestProject.AnchoredCRTLattice transitive imports (legacy)",
         "9bcba9934f4a6004"],
        ["RequestProject.AnchoredCRTLattice:importAllArts", "d56b4ea52f3cd183"],
        ["RequestProject.ValidCRTLattice transitive imports (legacy)",
         "76bbc803142f5e22"],
        ["RequestProject.ValidCRTLattice:importAllArts", "5b6009205190d085"],
        ["RequestProject.ReciprocalCRTProduct transitive imports (legacy)",
         "e83d647820e7de27"],
        ["RequestProject.ReciprocalCRTProduct:importAllArts",
         "42cb3ed575a05938"],
        ["RequestProject.PrimitiveProjectiveNormalization transitive imports (legacy)",
         "a30a1e9ae9bf9f3d"],
        ["RequestProject.PrimitiveProjectiveNormalization:importAllArts",
         "c1339cf55a033765"]]]]],
    ["libs",
     [["import dynlibs", "00000000000006bb"],
      ["package external libraries", "00000000000006bb"],
      ["module dynlibs", "00000000000006bb"],
      ["module plugins", "00000000000006bb"]]]]],
  ["Lean 4.28.0, commit 7e01a1bf5c70fc6167d49c345d3bf80596e9a79b",
   "a96bc04a2e5e9630"],
  ["/Users/david/erdos-lean-build/RequestProject/ResidualPrimeShellCRT.lean",
   "d31d4610bd904728"],
  ["options", "00000000000006bb"],
  ["Module.leanArgs: #[]", "00000000000006bb"]],
 "depHash": "373dd68efcb8ac65"}