{"synthetic": false,
 "schemaVersion": "2025-09-10",
 "outputs":
 {"o": ["b3bd8ddf8b5d3cf4.olean"],
  "i": "56ad1b31a5d80e63.ilean",
  "c": "7f884478460c886a.c"},
 "log":
 [{"message":
   ".> LEAN_PATH=/Users/david/erdos-lean-build/.lake/packages/Cli/.lake/build/lib/lean:/Users/david/erdos-lean-build/.lake/packages/batteries/.lake/build/lib/lean:/Users/david/erdos-lean-build/.lake/packages/Qq/.lake/build/lib/lean:/Users/david/erdos-lean-build/.lake/packages/aesop/.lake/build/lib/lean:/Users/david/erdos-lean-build/.lake/packages/proofwidgets/.lake/build/lib/lean:/Users/david/erdos-lean-build/.lake/packages/importGraph/.lake/build/lib/lean:/Users/david/erdos-lean-build/.lake/packages/LeanSearchClient/.lake/build/lib/lean:/Users/david/erdos-lean-build/.lake/packages/plausible/.lake/build/lib/lean:/Users/david/erdos-lean-build/.lake/packages/mathlib/.lake/build/lib/lean:/Users/david/erdos-lean-build/.lake/build/lib/lean /Users/david/.elan/toolchains/leanprover--lean4---v4.28.0/bin/lean /Users/david/erdos-lean-build/RequestProject/ArcConstructionSigma.lean -o /Users/david/erdos-lean-build/.lake/build/lib/lean/RequestProject/ArcConstructionSigma.olean -i /Users/david/erdos-lean-build/.lake/build/lib/lean/RequestProject/ArcConstructionSigma.ilean -c /Users/david/erdos-lean-build/.lake/build/ir/RequestProject/ArcConstructionSigma.c --setup /Users/david/erdos-lean-build/.lake/build/ir/RequestProject/ArcConstructionSigma.setup.json --json",
   "level": "trace"}],
 "inputs":
 [["RequestProject.ArcConstructionSigma:deps",
   [["deps",
     [["RequestProject/RequestProject:extraDep",
       [["@RequestProject:extraDep", "00000000000006bb"]]],
      ["imports",
       [["RequestProject.ArcConstruction transitive imports (legacy)",
         "adaf6c789d908ce9"],
        ["RequestProject.ArcConstruction:importAllArts",
         "e68525f88b9a68f2"]]]]],
    ["libs",
     [["import dynlibs", "00000000000006bb"],
      ["package external libraries", "00000000000006bb"],
      ["module dynlibs", "00000000000006bb"],
      ["module plugins", "00000000000006bb"]]]]],
  ["Lean 4.28.0, commit 7e01a1bf5c70fc6167d49c345d3bf80596e9a79b",
   "a96bc04a2e5e9630"],
  ["/Users/david/erdos-lean-build/RequestProject/ArcConstructionSigma.lean",
   "0923748101434f2d"],
  ["options", "00000000000006bb"],
  ["Module.leanArgs: #[]", "00000000000006bb"]],
 "depHash": "98274035c3791257"}