{"synthetic": false,
 "schemaVersion": "2025-09-10",
 "outputs":
 {"o": ["7df755d4082b3468.olean"],
  "i": "b2e7b9978e12a43b.ilean",
  "c": "35ad97f29a8256b0.c"},
 "log":
 [{"message":
   ".> LEAN_PATH=/Users/david/erdos-lean-build/.lake/packages/Cli/.lake/build/lib/lean:/Users/david/erdos-lean-build/.lake/packages/batteries/.lake/build/lib/lean:/Users/david/erdos-lean-build/.lake/packages/Qq/.lake/build/lib/lean:/Users/david/erdos-lean-build/.lake/packages/aesop/.lake/build/lib/lean:/Users/david/erdos-lean-build/.lake/packages/proofwidgets/.lake/build/lib/lean:/Users/david/erdos-lean-build/.lake/packages/importGraph/.lake/build/lib/lean:/Users/david/erdos-lean-build/.lake/packages/LeanSearchClient/.lake/build/lib/lean:/Users/david/erdos-lean-build/.lake/packages/plausible/.lake/build/lib/lean:/Users/david/erdos-lean-build/.lake/packages/mathlib/.lake/build/lib/lean:/Users/david/erdos-lean-build/.lake/build/lib/lean /Users/david/.elan/toolchains/leanprover--lean4---v4.28.0/bin/lean /Users/david/erdos-lean-build/RequestProject/ArcConstructionExtra.lean -o /Users/david/erdos-lean-build/.lake/build/lib/lean/RequestProject/ArcConstructionExtra.olean -i /Users/david/erdos-lean-build/.lake/build/lib/lean/RequestProject/ArcConstructionExtra.ilean -c /Users/david/erdos-lean-build/.lake/build/ir/RequestProject/ArcConstructionExtra.c --setup /Users/david/erdos-lean-build/.lake/build/ir/RequestProject/ArcConstructionExtra.setup.json --json",
   "level": "trace"}],
 "inputs":
 [["RequestProject.ArcConstructionExtra:deps",
   [["deps",
     [["RequestProject/RequestProject:extraDep",
       [["@RequestProject:extraDep", "00000000000006bb"]]],
      ["imports",
       [["RequestProject.ArcConstruction transitive imports (legacy)",
         "adaf6c789d908ce9"],
        ["RequestProject.ArcConstruction:importAllArts", "e68525f88b9a68f2"],
        ["RequestProject.FiberCount transitive imports (legacy)",
         "57f5ba02a0b4d37e"],
        ["RequestProject.FiberCount:importAllArts", "e33746f1929632f0"]]]]],
    ["libs",
     [["import dynlibs", "00000000000006bb"],
      ["package external libraries", "00000000000006bb"],
      ["module dynlibs", "00000000000006bb"],
      ["module plugins", "00000000000006bb"]]]]],
  ["Lean 4.28.0, commit 7e01a1bf5c70fc6167d49c345d3bf80596e9a79b",
   "a96bc04a2e5e9630"],
  ["/Users/david/erdos-lean-build/RequestProject/ArcConstructionExtra.lean",
   "8fcf16183ead48ec"],
  ["options", "00000000000006bb"],
  ["Module.leanArgs: #[]", "00000000000006bb"]],
 "depHash": "7db5059122f9c15f"}