{"synthetic": false,
 "schemaVersion": "2025-09-10",
 "outputs":
 {"o": ["c953eac93bed7a28.olean"],
  "i": "c4fd025115ed4872.ilean",
  "c": "bd1f5a5eadb4f241.c"},
 "log":
 [{"message":
   ".> LEAN_PATH=/Users/david/erdos-lean-build/.lake/packages/Cli/.lake/build/lib/lean:/Users/david/erdos-lean-build/.lake/packages/batteries/.lake/build/lib/lean:/Users/david/erdos-lean-build/.lake/packages/Qq/.lake/build/lib/lean:/Users/david/erdos-lean-build/.lake/packages/aesop/.lake/build/lib/lean:/Users/david/erdos-lean-build/.lake/packages/proofwidgets/.lake/build/lib/lean:/Users/david/erdos-lean-build/.lake/packages/importGraph/.lake/build/lib/lean:/Users/david/erdos-lean-build/.lake/packages/LeanSearchClient/.lake/build/lib/lean:/Users/david/erdos-lean-build/.lake/packages/plausible/.lake/build/lib/lean:/Users/david/erdos-lean-build/.lake/packages/mathlib/.lake/build/lib/lean:/Users/david/erdos-lean-build/.lake/build/lib/lean /Users/david/.elan/toolchains/leanprover--lean4---v4.28.0/bin/lean /Users/david/erdos-lean-build/RequestProject/BlockCRTEnergy.lean -o /Users/david/erdos-lean-build/.lake/build/lib/lean/RequestProject/BlockCRTEnergy.olean -i /Users/david/erdos-lean-build/.lake/build/lib/lean/RequestProject/BlockCRTEnergy.ilean -c /Users/david/erdos-lean-build/.lake/build/ir/RequestProject/BlockCRTEnergy.c --setup /Users/david/erdos-lean-build/.lake/build/ir/RequestProject/BlockCRTEnergy.setup.json --json",
   "level": "trace"},
  {"message":
   "RequestProject/BlockCRTEnergy.lean:299:8: declaration uses `sorry`",
   "level": "warning"},
  {"message":
   "RequestProject/BlockCRTEnergy.lean:319:8: declaration uses `sorry`",
   "level": "warning"},
  {"message":
   "RequestProject/BlockCRTEnergy.lean:343:8: declaration uses `sorry`",
   "level": "warning"},
  {"message":
   "RequestProject/BlockCRTEnergy.lean:368:8: declaration uses `sorry`",
   "level": "warning"}],
 "inputs":
 [["RequestProject.BlockCRTEnergy:deps",
   [["deps",
     [["RequestProject/RequestProject:extraDep",
       [["@RequestProject:extraDep", "00000000000006bb"]]],
      ["imports",
       [["Mathlib transitive imports (legacy)", "8fd896a9b3011bd6"],
        ["Mathlib:importAllArts", "8fc2a9ec06d95bdc"],
        ["RequestProject.SBEE transitive imports (legacy)", "bfb93d42d226f2f5"],
        ["RequestProject.SBEE:importAllArts", "49375cba1374bcfb"]]]]],
    ["libs",
     [["import dynlibs", "00000000000006bb"],
      ["package external libraries", "00000000000006bb"],
      ["module dynlibs", "00000000000006bb"],
      ["module plugins", "00000000000006bb"]]]]],
  ["Lean 4.28.0, commit 7e01a1bf5c70fc6167d49c345d3bf80596e9a79b",
   "a96bc04a2e5e9630"],
  ["/Users/david/erdos-lean-build/RequestProject/BlockCRTEnergy.lean",
   "f15c1df438377362"],
  ["options", "00000000000006bb"],
  ["Module.leanArgs: #[]", "00000000000006bb"]],
 "depHash": "09be0e1b30877173"}