{"synthetic": false,
 "schemaVersion": "2025-09-10",
 "outputs":
 {"o": ["be893cd737619ee8.olean"],
  "i": "c84a43712977f9b6.ilean",
  "c": "e377c0cea7727440.c"},
 "log":
 [{"message":
   ".> LEAN_PATH=/Users/david/erdos-lean-build/.lake/packages/Cli/.lake/build/lib/lean:/Users/david/erdos-lean-build/.lake/packages/batteries/.lake/build/lib/lean:/Users/david/erdos-lean-build/.lake/packages/Qq/.lake/build/lib/lean:/Users/david/erdos-lean-build/.lake/packages/aesop/.lake/build/lib/lean:/Users/david/erdos-lean-build/.lake/packages/proofwidgets/.lake/build/lib/lean:/Users/david/erdos-lean-build/.lake/packages/importGraph/.lake/build/lib/lean:/Users/david/erdos-lean-build/.lake/packages/LeanSearchClient/.lake/build/lib/lean:/Users/david/erdos-lean-build/.lake/packages/plausible/.lake/build/lib/lean:/Users/david/erdos-lean-build/.lake/packages/mathlib/.lake/build/lib/lean:/Users/david/erdos-lean-build/.lake/build/lib/lean /Users/david/.elan/toolchains/leanprover--lean4---v4.28.0/bin/lean /Users/david/erdos-lean-build/RequestProject/CRTLatticeCore.lean -o /Users/david/erdos-lean-build/.lake/build/lib/lean/RequestProject/CRTLatticeCore.olean -i /Users/david/erdos-lean-build/.lake/build/lib/lean/RequestProject/CRTLatticeCore.ilean -c /Users/david/erdos-lean-build/.lake/build/ir/RequestProject/CRTLatticeCore.c --setup /Users/david/erdos-lean-build/.lake/build/ir/RequestProject/CRTLatticeCore.setup.json --json",
   "level": "trace"}],
 "inputs":
 [["RequestProject.CRTLatticeCore:deps",
   [["deps",
     [["RequestProject/RequestProject:extraDep",
       [["@RequestProject:extraDep", "00000000000006bb"]]],
      ["imports",
       [["Mathlib transitive imports (legacy)", "8fd896a9b3011bd6"],
        ["Mathlib:importAllArts", "8fc2a9ec06d95bdc"]]]]],
    ["libs",
     [["import dynlibs", "00000000000006bb"],
      ["package external libraries", "00000000000006bb"],
      ["module dynlibs", "00000000000006bb"],
      ["module plugins", "00000000000006bb"]]]]],
  ["Lean 4.28.0, commit 7e01a1bf5c70fc6167d49c345d3bf80596e9a79b",
   "a96bc04a2e5e9630"],
  ["/Users/david/erdos-lean-build/RequestProject/CRTLatticeCore.lean",
   "ec088a42c6903c9e"],
  ["options", "00000000000006bb"],
  ["Module.leanArgs: #[]", "00000000000006bb"]],
 "depHash": "f50397b51fa79156"}