{"synthetic": false,
 "schemaVersion": "2025-09-10",
 "outputs":
 {"o": ["1fa3aa800fd966aa.olean"],
  "i": "8a91ae3422609a58.ilean",
  "c": "99838d88cb90025f.c"},
 "log":
 [{"message":
   ".> LEAN_PATH=/Users/david/erdos-lean-build/.lake/packages/Cli/.lake/build/lib/lean:/Users/david/erdos-lean-build/.lake/packages/batteries/.lake/build/lib/lean:/Users/david/erdos-lean-build/.lake/packages/Qq/.lake/build/lib/lean:/Users/david/erdos-lean-build/.lake/packages/aesop/.lake/build/lib/lean:/Users/david/erdos-lean-build/.lake/packages/proofwidgets/.lake/build/lib/lean:/Users/david/erdos-lean-build/.lake/packages/importGraph/.lake/build/lib/lean:/Users/david/erdos-lean-build/.lake/packages/LeanSearchClient/.lake/build/lib/lean:/Users/david/erdos-lean-build/.lake/packages/plausible/.lake/build/lib/lean:/Users/david/erdos-lean-build/.lake/packages/mathlib/.lake/build/lib/lean:/Users/david/erdos-lean-build/.lake/build/lib/lean /Users/david/.elan/toolchains/leanprover--lean4---v4.28.0/bin/lean /Users/david/erdos-lean-build/RequestProject/Erdos306Unconditional.lean -o /Users/david/erdos-lean-build/.lake/build/lib/lean/RequestProject/Erdos306Unconditional.olean -i /Users/david/erdos-lean-build/.lake/build/lib/lean/RequestProject/Erdos306Unconditional.ilean -c /Users/david/erdos-lean-build/.lake/build/ir/RequestProject/Erdos306Unconditional.c --setup /Users/david/erdos-lean-build/.lake/build/ir/RequestProject/Erdos306Unconditional.setup.json --json",
   "level": "trace"}],
 "inputs":
 [["RequestProject.Erdos306Unconditional:deps",
   [["deps",
     [["RequestProject/RequestProject:extraDep",
       [["@RequestProject:extraDep", "00000000000006bb"]]],
      ["imports",
       [["Mathlib transitive imports (legacy)", "8fd896a9b3011bd6"],
        ["Mathlib:importAllArts", "8fc2a9ec06d95bdc"],
        ["RequestProject.Defs transitive imports (legacy)", "12c1ba7185138d42"],
        ["RequestProject.Defs:importAllArts", "7f10caac46d94295"],
        ["RequestProject.MainTheorem transitive imports (legacy)",
         "61714a0830131781"],
        ["RequestProject.MainTheorem:importAllArts", "56e202b24c2905b7"],
        ["RequestProject.SemiprimeInfinity transitive imports (legacy)",
         "a52c407e78a016d0"],
        ["RequestProject.SemiprimeInfinity:importAllArts", "87664fde5e9052aa"],
        ["RequestProject.FourierPositivity transitive imports (legacy)",
         "a5e3df251d9309a9"],
        ["RequestProject.FourierPositivity:importAllArts",
         "356ef45b04fd621d"]]]]],
    ["libs",
     [["import dynlibs", "00000000000006bb"],
      ["package external libraries", "00000000000006bb"],
      ["module dynlibs", "00000000000006bb"],
      ["module plugins", "00000000000006bb"]]]]],
  ["Lean 4.28.0, commit 7e01a1bf5c70fc6167d49c345d3bf80596e9a79b",
   "a96bc04a2e5e9630"],
  ["/Users/david/erdos-lean-build/RequestProject/Erdos306Unconditional.lean",
   "30268e82d9bc6f76"],
  ["options", "00000000000006bb"],
  ["Module.leanArgs: #[]", "00000000000006bb"]],
 "depHash": "93ad2020ff04f005"}