{"synthetic": false,
 "schemaVersion": "2025-09-10",
 "outputs":
 {"o": ["ad695735f039568c.olean"],
  "i": "7df7c774456e2340.ilean",
  "c": "164e732be1d8e707.c"},
 "log":
 [{"message":
   ".> LEAN_PATH=/Users/david/erdos-lean-build/.lake/packages/Cli/.lake/build/lib/lean:/Users/david/erdos-lean-build/.lake/packages/batteries/.lake/build/lib/lean:/Users/david/erdos-lean-build/.lake/packages/Qq/.lake/build/lib/lean:/Users/david/erdos-lean-build/.lake/packages/aesop/.lake/build/lib/lean:/Users/david/erdos-lean-build/.lake/packages/proofwidgets/.lake/build/lib/lean:/Users/david/erdos-lean-build/.lake/packages/importGraph/.lake/build/lib/lean:/Users/david/erdos-lean-build/.lake/packages/LeanSearchClient/.lake/build/lib/lean:/Users/david/erdos-lean-build/.lake/packages/plausible/.lake/build/lib/lean:/Users/david/erdos-lean-build/.lake/packages/mathlib/.lake/build/lib/lean:/Users/david/erdos-lean-build/.lake/build/lib/lean /Users/david/.elan/toolchains/leanprover--lean4---v4.28.0/bin/lean /Users/david/erdos-lean-build/RequestProject/ExtraMinorDamping.lean -o /Users/david/erdos-lean-build/.lake/build/lib/lean/RequestProject/ExtraMinorDamping.olean -i /Users/david/erdos-lean-build/.lake/build/lib/lean/RequestProject/ExtraMinorDamping.ilean -c /Users/david/erdos-lean-build/.lake/build/ir/RequestProject/ExtraMinorDamping.c --setup /Users/david/erdos-lean-build/.lake/build/ir/RequestProject/ExtraMinorDamping.setup.json --json",
   "level": "trace"}],
 "inputs":
 [["RequestProject.ExtraMinorDamping:deps",
   [["deps",
     [["RequestProject/RequestProject:extraDep",
       [["@RequestProject:extraDep", "00000000000006bb"]]],
      ["imports",
       [["RequestProject.CircleMethodArcs transitive imports (legacy)",
         "607a5e2343e3af2b"],
        ["RequestProject.CircleMethodArcs:importAllArts",
         "e64d519c64ac6717"]]]]],
    ["libs",
     [["import dynlibs", "00000000000006bb"],
      ["package external libraries", "00000000000006bb"],
      ["module dynlibs", "00000000000006bb"],
      ["module plugins", "00000000000006bb"]]]]],
  ["Lean 4.28.0, commit 7e01a1bf5c70fc6167d49c345d3bf80596e9a79b",
   "a96bc04a2e5e9630"],
  ["/Users/david/erdos-lean-build/RequestProject/ExtraMinorDamping.lean",
   "b85bc5d85981a0d1"],
  ["options", "00000000000006bb"],
  ["Module.leanArgs: #[]", "00000000000006bb"]],
 "depHash": "144d0b9726dde973"}