{"synthetic": false,
 "schemaVersion": "2025-09-10",
 "outputs":
 {"o": ["2137126a594bf329.olean"],
  "i": "e4733d22d7db442c.ilean",
  "c": "acb0c5ce044a6f93.c"},
 "log":
 [{"message":
   ".> LEAN_PATH=/Users/david/erdos-lean-build/.lake/packages/Cli/.lake/build/lib/lean:/Users/david/erdos-lean-build/.lake/packages/batteries/.lake/build/lib/lean:/Users/david/erdos-lean-build/.lake/packages/Qq/.lake/build/lib/lean:/Users/david/erdos-lean-build/.lake/packages/aesop/.lake/build/lib/lean:/Users/david/erdos-lean-build/.lake/packages/proofwidgets/.lake/build/lib/lean:/Users/david/erdos-lean-build/.lake/packages/importGraph/.lake/build/lib/lean:/Users/david/erdos-lean-build/.lake/packages/LeanSearchClient/.lake/build/lib/lean:/Users/david/erdos-lean-build/.lake/packages/plausible/.lake/build/lib/lean:/Users/david/erdos-lean-build/.lake/packages/mathlib/.lake/build/lib/lean:/Users/david/erdos-lean-build/.lake/build/lib/lean /Users/david/.elan/toolchains/leanprover--lean4---v4.28.0/bin/lean /Users/david/erdos-lean-build/RequestProject/FiberCount.lean -o /Users/david/erdos-lean-build/.lake/build/lib/lean/RequestProject/FiberCount.olean -i /Users/david/erdos-lean-build/.lake/build/lib/lean/RequestProject/FiberCount.ilean -c /Users/david/erdos-lean-build/.lake/build/ir/RequestProject/FiberCount.c --setup /Users/david/erdos-lean-build/.lake/build/ir/RequestProject/FiberCount.setup.json --json",
   "level": "trace"}],
 "inputs":
 [["RequestProject.FiberCount:deps",
   [["deps",
     [["RequestProject/RequestProject:extraDep",
       [["@RequestProject:extraDep", "00000000000006bb"]]],
      ["imports",
       [["RequestProject.GlobalControl transitive imports (legacy)",
         "6445d23247c65faa"],
        ["RequestProject.GlobalControl:importAllArts", "d7f072fda1246bcf"]]]]],
    ["libs",
     [["import dynlibs", "00000000000006bb"],
      ["package external libraries", "00000000000006bb"],
      ["module dynlibs", "00000000000006bb"],
      ["module plugins", "00000000000006bb"]]]]],
  ["Lean 4.28.0, commit 7e01a1bf5c70fc6167d49c345d3bf80596e9a79b",
   "a96bc04a2e5e9630"],
  ["/Users/david/erdos-lean-build/RequestProject/FiberCount.lean",
   "d60c545f10128163"],
  ["options", "00000000000006bb"],
  ["Module.leanArgs: #[]", "00000000000006bb"]],
 "depHash": "126195201a166b0d"}