{"synthetic": false,
 "schemaVersion": "2025-09-10",
 "outputs":
 {"o": ["8ff1c55e96a4e54b.olean"],
  "i": "74e47cc3d5fe419b.ilean",
  "c": "03f132b076723152.c"},
 "log":
 [{"message":
   ".> LEAN_PATH=/Users/david/erdos-lean-build/.lake/packages/Cli/.lake/build/lib/lean:/Users/david/erdos-lean-build/.lake/packages/batteries/.lake/build/lib/lean:/Users/david/erdos-lean-build/.lake/packages/Qq/.lake/build/lib/lean:/Users/david/erdos-lean-build/.lake/packages/aesop/.lake/build/lib/lean:/Users/david/erdos-lean-build/.lake/packages/proofwidgets/.lake/build/lib/lean:/Users/david/erdos-lean-build/.lake/packages/importGraph/.lake/build/lib/lean:/Users/david/erdos-lean-build/.lake/packages/LeanSearchClient/.lake/build/lib/lean:/Users/david/erdos-lean-build/.lake/packages/plausible/.lake/build/lib/lean:/Users/david/erdos-lean-build/.lake/packages/mathlib/.lake/build/lib/lean:/Users/david/erdos-lean-build/.lake/build/lib/lean /Users/david/.elan/toolchains/leanprover--lean4---v4.28.0/bin/lean /Users/david/erdos-lean-build/RequestProject/FourierPositivity.lean -o /Users/david/erdos-lean-build/.lake/build/lib/lean/RequestProject/FourierPositivity.olean -i /Users/david/erdos-lean-build/.lake/build/lib/lean/RequestProject/FourierPositivity.ilean -c /Users/david/erdos-lean-build/.lake/build/ir/RequestProject/FourierPositivity.c --setup /Users/david/erdos-lean-build/.lake/build/ir/RequestProject/FourierPositivity.setup.json --json",
   "level": "trace"}],
 "inputs":
 [["RequestProject.FourierPositivity:deps",
   [["deps",
     [["RequestProject/RequestProject:extraDep",
       [["@RequestProject:extraDep", "00000000000006bb"]]],
      ["imports",
       [["Mathlib transitive imports (legacy)", "8fd896a9b3011bd6"],
        ["Mathlib:importAllArts", "8fc2a9ec06d95bdc"],
        ["RequestProject.Defs transitive imports (legacy)", "12c1ba7185138d42"],
        ["RequestProject.Defs:importAllArts", "7f10caac46d94295"],
        ["RequestProject.SemiprimeInfinity transitive imports (legacy)",
         "a52c407e78a016d0"],
        ["RequestProject.SemiprimeInfinity:importAllArts", "87664fde5e9052aa"],
        ["RequestProject.LatticeSpan transitive imports (legacy)",
         "12c1ba7185138d42"],
        ["RequestProject.LatticeSpan:importAllArts", "8d802d38937ce222"],
        ["RequestProject.BernoulliFourier transitive imports (legacy)",
         "12c1ba7185138d42"],
        ["RequestProject.BernoulliFourier:importAllArts", "ec931738a90b8058"],
        ["RequestProject.CrossLabelEnergy transitive imports (legacy)",
         "12c1ba7185138d42"],
        ["RequestProject.CrossLabelEnergy:importAllArts", "b4ad3483fbe644b4"],
        ["RequestProject.CircleMethod transitive imports (legacy)",
         "a52c407e78a016d0"],
        ["RequestProject.CircleMethod:importAllArts", "8df6b3293f16b506"],
        ["RequestProject.CircleMethodAssembly transitive imports (legacy)",
         "ccdc7ffad2a0af39"],
        ["RequestProject.CircleMethodAssembly:importAllArts",
         "dca075bd2e6bc14b"]]]]],
    ["libs",
     [["import dynlibs", "00000000000006bb"],
      ["package external libraries", "00000000000006bb"],
      ["module dynlibs", "00000000000006bb"],
      ["module plugins", "00000000000006bb"]]]]],
  ["Lean 4.28.0, commit 7e01a1bf5c70fc6167d49c345d3bf80596e9a79b",
   "a96bc04a2e5e9630"],
  ["/Users/david/erdos-lean-build/RequestProject/FourierPositivity.lean",
   "0892d58c594f38a6"],
  ["options", "00000000000006bb"],
  ["Module.leanArgs: #[]", "00000000000006bb"]],
 "depHash": "fbc489ca620f17aa"}