{"synthetic": false,
 "schemaVersion": "2025-09-10",
 "outputs":
 {"o": ["a9c489eee24aa41f.olean"],
  "i": "5227e874bc7dfa8c.ilean",
  "c": "5e93d7891a6c96d0.c"},
 "log":
 [{"message":
   ".> LEAN_PATH=/Users/david/erdos-lean-build/.lake/packages/Cli/.lake/build/lib/lean:/Users/david/erdos-lean-build/.lake/packages/batteries/.lake/build/lib/lean:/Users/david/erdos-lean-build/.lake/packages/Qq/.lake/build/lib/lean:/Users/david/erdos-lean-build/.lake/packages/aesop/.lake/build/lib/lean:/Users/david/erdos-lean-build/.lake/packages/proofwidgets/.lake/build/lib/lean:/Users/david/erdos-lean-build/.lake/packages/importGraph/.lake/build/lib/lean:/Users/david/erdos-lean-build/.lake/packages/LeanSearchClient/.lake/build/lib/lean:/Users/david/erdos-lean-build/.lake/packages/plausible/.lake/build/lib/lean:/Users/david/erdos-lean-build/.lake/packages/mathlib/.lake/build/lib/lean:/Users/david/erdos-lean-build/.lake/build/lib/lean /Users/david/.elan/toolchains/leanprover--lean4---v4.28.0/bin/lean /Users/david/erdos-lean-build/RequestProject/GlobalControlG5Data.lean -o /Users/david/erdos-lean-build/.lake/build/lib/lean/RequestProject/GlobalControlG5Data.olean -i /Users/david/erdos-lean-build/.lake/build/lib/lean/RequestProject/GlobalControlG5Data.ilean -c /Users/david/erdos-lean-build/.lake/build/ir/RequestProject/GlobalControlG5Data.c --setup /Users/david/erdos-lean-build/.lake/build/ir/RequestProject/GlobalControlG5Data.setup.json --json",
   "level": "trace"},
  {"message":
   "RequestProject/GlobalControlG5Data.lean:121:46: unused variable `R`\n\nNote: This linter can be disabled with `set_option linter.unusedVariables false`",
   "level": "warning"},
  {"message":
   "RequestProject/GlobalControlG5Data.lean:319:48: unused variable `hR0`\n\nNote: This linter can be disabled with `set_option linter.unusedVariables false`",
   "level": "warning"}],
 "inputs":
 [["RequestProject.GlobalControlG5Data:deps",
   [["deps",
     [["RequestProject/RequestProject:extraDep",
       [["@RequestProject:extraDep", "00000000000006bb"]]],
      ["imports",
       [["RequestProject.GlobalControl transitive imports (legacy)",
         "6445d23247c65faa"],
        ["RequestProject.GlobalControl:importAllArts", "d7f072fda1246bcf"]]]]],
    ["libs",
     [["import dynlibs", "00000000000006bb"],
      ["package external libraries", "00000000000006bb"],
      ["module dynlibs", "00000000000006bb"],
      ["module plugins", "00000000000006bb"]]]]],
  ["Lean 4.28.0, commit 7e01a1bf5c70fc6167d49c345d3bf80596e9a79b",
   "a96bc04a2e5e9630"],
  ["/Users/david/erdos-lean-build/RequestProject/GlobalControlG5Data.lean",
   "7905328146486b2d"],
  ["options", "00000000000006bb"],
  ["Module.leanArgs: #[]", "00000000000006bb"]],
 "depHash": "1da845caf2a88187"}