{"synthetic": false,
 "schemaVersion": "2025-09-10",
 "outputs":
 {"o": ["15bee53669962fde.olean"],
  "i": "228b4cabe8bb7c69.ilean",
  "c": "ae8fec749155aada.c"},
 "log":
 [{"message":
   ".> LEAN_PATH=/Users/david/erdos-lean-build/.lake/packages/Cli/.lake/build/lib/lean:/Users/david/erdos-lean-build/.lake/packages/batteries/.lake/build/lib/lean:/Users/david/erdos-lean-build/.lake/packages/Qq/.lake/build/lib/lean:/Users/david/erdos-lean-build/.lake/packages/aesop/.lake/build/lib/lean:/Users/david/erdos-lean-build/.lake/packages/proofwidgets/.lake/build/lib/lean:/Users/david/erdos-lean-build/.lake/packages/importGraph/.lake/build/lib/lean:/Users/david/erdos-lean-build/.lake/packages/LeanSearchClient/.lake/build/lib/lean:/Users/david/erdos-lean-build/.lake/packages/plausible/.lake/build/lib/lean:/Users/david/erdos-lean-build/.lake/packages/mathlib/.lake/build/lib/lean:/Users/david/erdos-lean-build/.lake/build/lib/lean /Users/david/.elan/toolchains/leanprover--lean4---v4.28.0/bin/lean /Users/david/erdos-lean-build/RequestProject/GlobalControlSectorI.lean -o /Users/david/erdos-lean-build/.lake/build/lib/lean/RequestProject/GlobalControlSectorI.olean -i /Users/david/erdos-lean-build/.lake/build/lib/lean/RequestProject/GlobalControlSectorI.ilean -c /Users/david/erdos-lean-build/.lake/build/ir/RequestProject/GlobalControlSectorI.c --setup /Users/david/erdos-lean-build/.lake/build/ir/RequestProject/GlobalControlSectorI.setup.json --json",
   "level": "trace"},
  {"message":
   "RequestProject/GlobalControlSectorI.lean:79:8: declaration uses `sorry`",
   "level": "warning"}],
 "inputs":
 [["RequestProject.GlobalControlSectorI:deps",
   [["deps",
     [["RequestProject/RequestProject:extraDep",
       [["@RequestProject:extraDep", "00000000000006bb"]]],
      ["imports",
       [["RequestProject.GlobalControl transitive imports (legacy)",
         "6445d23247c65faa"],
        ["RequestProject.GlobalControl:importAllArts", "d7f072fda1246bcf"]]]]],
    ["libs",
     [["import dynlibs", "00000000000006bb"],
      ["package external libraries", "00000000000006bb"],
      ["module dynlibs", "00000000000006bb"],
      ["module plugins", "00000000000006bb"]]]]],
  ["Lean 4.28.0, commit 7e01a1bf5c70fc6167d49c345d3bf80596e9a79b",
   "a96bc04a2e5e9630"],
  ["/Users/david/erdos-lean-build/RequestProject/GlobalControlSectorI.lean",
   "f444344dde6d5fc3"],
  ["options", "00000000000006bb"],
  ["Module.leanArgs: #[]", "00000000000006bb"]],
 "depHash": "2b9ee4680f7adb58"}