{"synthetic": false,
 "schemaVersion": "2025-09-10",
 "outputs":
 {"o": ["a52cf73e11c6bb6d.olean"],
  "i": "50faef5c45e188c5.ilean",
  "c": "5a7b4e62f04fd334.c"},
 "log":
 [{"message":
   ".> LEAN_PATH=/Users/david/erdos-lean-build/.lake/packages/Cli/.lake/build/lib/lean:/Users/david/erdos-lean-build/.lake/packages/batteries/.lake/build/lib/lean:/Users/david/erdos-lean-build/.lake/packages/Qq/.lake/build/lib/lean:/Users/david/erdos-lean-build/.lake/packages/aesop/.lake/build/lib/lean:/Users/david/erdos-lean-build/.lake/packages/proofwidgets/.lake/build/lib/lean:/Users/david/erdos-lean-build/.lake/packages/importGraph/.lake/build/lib/lean:/Users/david/erdos-lean-build/.lake/packages/LeanSearchClient/.lake/build/lib/lean:/Users/david/erdos-lean-build/.lake/packages/plausible/.lake/build/lib/lean:/Users/david/erdos-lean-build/.lake/packages/mathlib/.lake/build/lib/lean:/Users/david/erdos-lean-build/.lake/build/lib/lean /Users/david/.elan/toolchains/leanprover--lean4---v4.28.0/bin/lean /Users/david/erdos-lean-build/RequestProject/PrimitiveProjectiveNormalization.lean -o /Users/david/erdos-lean-build/.lake/build/lib/lean/RequestProject/PrimitiveProjectiveNormalization.olean -i /Users/david/erdos-lean-build/.lake/build/lib/lean/RequestProject/PrimitiveProjectiveNormalization.ilean -c /Users/david/erdos-lean-build/.lake/build/ir/RequestProject/PrimitiveProjectiveNormalization.c --setup /Users/david/erdos-lean-build/.lake/build/ir/RequestProject/PrimitiveProjectiveNormalization.setup.json --json",
   "level": "trace"}],
 "inputs":
 [["RequestProject.PrimitiveProjectiveNormalization:deps",
   [["deps",
     [["RequestProject/RequestProject:extraDep",
       [["@RequestProject:extraDep", "00000000000006bb"]]],
      ["imports",
       [["Mathlib transitive imports (legacy)", "8fd896a9b3011bd6"],
        ["Mathlib:importAllArts", "8fc2a9ec06d95bdc"],
        ["RequestProject.AnchoredDeterminantRank transitive imports (legacy)",
         "63b5fb08c056883e"],
        ["RequestProject.AnchoredDeterminantRank:importAllArts",
         "cf0ef4f17b273445"]]]]],
    ["libs",
     [["import dynlibs", "00000000000006bb"],
      ["package external libraries", "00000000000006bb"],
      ["module dynlibs", "00000000000006bb"],
      ["module plugins", "00000000000006bb"]]]]],
  ["Lean 4.28.0, commit 7e01a1bf5c70fc6167d49c345d3bf80596e9a79b",
   "a96bc04a2e5e9630"],
  ["/Users/david/erdos-lean-build/RequestProject/PrimitiveProjectiveNormalization.lean",
   "8a84d0d5dfd832c5"],
  ["options", "00000000000006bb"],
  ["Module.leanArgs: #[]", "00000000000006bb"]],
 "depHash": "b80507fd9898af9e"}