{"synthetic": false,
 "schemaVersion": "2025-09-10",
 "outputs":
 {"o": ["96e0c521464e13cf.olean"],
  "i": "4664b589395a2aad.ilean",
  "c": "75a844725385aefb.c"},
 "log":
 [{"message":
   ".> LEAN_PATH=/Users/david/erdos-lean-build/.lake/packages/Cli/.lake/build/lib/lean:/Users/david/erdos-lean-build/.lake/packages/batteries/.lake/build/lib/lean:/Users/david/erdos-lean-build/.lake/packages/Qq/.lake/build/lib/lean:/Users/david/erdos-lean-build/.lake/packages/aesop/.lake/build/lib/lean:/Users/david/erdos-lean-build/.lake/packages/proofwidgets/.lake/build/lib/lean:/Users/david/erdos-lean-build/.lake/packages/importGraph/.lake/build/lib/lean:/Users/david/erdos-lean-build/.lake/packages/LeanSearchClient/.lake/build/lib/lean:/Users/david/erdos-lean-build/.lake/packages/plausible/.lake/build/lib/lean:/Users/david/erdos-lean-build/.lake/packages/mathlib/.lake/build/lib/lean:/Users/david/erdos-lean-build/.lake/build/lib/lean /Users/david/.elan/toolchains/leanprover--lean4---v4.28.0/bin/lean /Users/david/erdos-lean-build/RequestProject/R2AssemblyFields.lean -o /Users/david/erdos-lean-build/.lake/build/lib/lean/RequestProject/R2AssemblyFields.olean -i /Users/david/erdos-lean-build/.lake/build/lib/lean/RequestProject/R2AssemblyFields.ilean -c /Users/david/erdos-lean-build/.lake/build/ir/RequestProject/R2AssemblyFields.c --setup /Users/david/erdos-lean-build/.lake/build/ir/RequestProject/R2AssemblyFields.setup.json --json",
   "level": "trace"}],
 "inputs":
 [["RequestProject.R2AssemblyFields:deps",
   [["deps",
     [["RequestProject/RequestProject:extraDep",
       [["@RequestProject:extraDep", "00000000000006bb"]]],
      ["imports",
       [["RequestProject.R2ConcreteData transitive imports (legacy)",
         "c2e97dc965a57000"],
        ["RequestProject.R2ConcreteData:importAllArts", "02f700b481a5b145"],
        ["RequestProject.R2MinorEstimateInterface transitive imports (legacy)",
         "b5451359fe41caf9"],
        ["RequestProject.R2MinorEstimateInterface:importAllArts",
         "0aa9cd58157cba01"]]]]],
    ["libs",
     [["import dynlibs", "00000000000006bb"],
      ["package external libraries", "00000000000006bb"],
      ["module dynlibs", "00000000000006bb"],
      ["module plugins", "00000000000006bb"]]]]],
  ["Lean 4.28.0, commit 7e01a1bf5c70fc6167d49c345d3bf80596e9a79b",
   "a96bc04a2e5e9630"],
  ["/Users/david/erdos-lean-build/RequestProject/R2AssemblyFields.lean",
   "be835610be35a4ed"],
  ["options", "00000000000006bb"],
  ["Module.leanArgs: #[]", "00000000000006bb"]],
 "depHash": "7fb37a13c539c099"}