{"synthetic": false,
 "schemaVersion": "2025-09-10",
 "outputs":
 {"o": ["5e8a32e15810cba0.olean"],
  "i": "8384381cdc1db294.ilean",
  "c": "1b0faa14863cd56c.c"},
 "log":
 [{"message":
   ".> LEAN_PATH=/Users/david/erdos-lean-build/.lake/packages/Cli/.lake/build/lib/lean:/Users/david/erdos-lean-build/.lake/packages/batteries/.lake/build/lib/lean:/Users/david/erdos-lean-build/.lake/packages/Qq/.lake/build/lib/lean:/Users/david/erdos-lean-build/.lake/packages/aesop/.lake/build/lib/lean:/Users/david/erdos-lean-build/.lake/packages/proofwidgets/.lake/build/lib/lean:/Users/david/erdos-lean-build/.lake/packages/importGraph/.lake/build/lib/lean:/Users/david/erdos-lean-build/.lake/packages/LeanSearchClient/.lake/build/lib/lean:/Users/david/erdos-lean-build/.lake/packages/plausible/.lake/build/lib/lean:/Users/david/erdos-lean-build/.lake/packages/mathlib/.lake/build/lib/lean:/Users/david/erdos-lean-build/.lake/build/lib/lean /Users/david/.elan/toolchains/leanprover--lean4---v4.28.0/bin/lean /Users/david/erdos-lean-build/RequestProject/R2ConcreteData.lean -o /Users/david/erdos-lean-build/.lake/build/lib/lean/RequestProject/R2ConcreteData.olean -i /Users/david/erdos-lean-build/.lake/build/lib/lean/RequestProject/R2ConcreteData.ilean -c /Users/david/erdos-lean-build/.lake/build/ir/RequestProject/R2ConcreteData.c --setup /Users/david/erdos-lean-build/.lake/build/ir/RequestProject/R2ConcreteData.setup.json --json",
   "level": "trace"}],
 "inputs":
 [["RequestProject.R2ConcreteData:deps",
   [["deps",
     [["RequestProject/RequestProject:extraDep",
       [["@RequestProject:extraDep", "00000000000006bb"]]],
      ["imports",
       [["RequestProject.R2AssemblySkeleton transitive imports (legacy)",
         "27012c253ad79d22"],
        ["RequestProject.R2AssemblySkeleton:importAllArts", "ee3e13ba55e9fdec"],
        ["RequestProject.BlockMassPool transitive imports (legacy)",
         "e50a514a0317496b"],
        ["RequestProject.BlockMassPool:importAllArts", "056bd781a88408a7"],
        ["RequestProject.ArcConstructionSigma transitive imports (legacy)",
         "3691a8ea34b4b36f"],
        ["RequestProject.ArcConstructionSigma:importAllArts",
         "011fa0bf56b5af7a"],
        ["RequestProject.CircleMethodAssembly transitive imports (legacy)",
         "ccdc7ffad2a0af39"],
        ["RequestProject.CircleMethodAssembly:importAllArts",
         "dca075bd2e6bc14b"]]]]],
    ["libs",
     [["import dynlibs", "00000000000006bb"],
      ["package external libraries", "00000000000006bb"],
      ["module dynlibs", "00000000000006bb"],
      ["module plugins", "00000000000006bb"]]]]],
  ["Lean 4.28.0, commit 7e01a1bf5c70fc6167d49c345d3bf80596e9a79b",
   "a96bc04a2e5e9630"],
  ["/Users/david/erdos-lean-build/RequestProject/R2ConcreteData.lean",
   "9eca3037ee7a9384"],
  ["options", "00000000000006bb"],
  ["Module.leanArgs: #[]", "00000000000006bb"]],
 "depHash": "e542ea374636bcd7"}