{"synthetic": false,
 "schemaVersion": "2025-09-10",
 "outputs":
 {"o": ["eb87fab90c6c5c6f.olean"],
  "i": "663ce962e52311e0.ilean",
  "c": "abd66ead4bf3f420.c"},
 "log":
 [{"message":
   ".> LEAN_PATH=/Users/david/erdos-lean-build/.lake/packages/Cli/.lake/build/lib/lean:/Users/david/erdos-lean-build/.lake/packages/batteries/.lake/build/lib/lean:/Users/david/erdos-lean-build/.lake/packages/Qq/.lake/build/lib/lean:/Users/david/erdos-lean-build/.lake/packages/aesop/.lake/build/lib/lean:/Users/david/erdos-lean-build/.lake/packages/proofwidgets/.lake/build/lib/lean:/Users/david/erdos-lean-build/.lake/packages/importGraph/.lake/build/lib/lean:/Users/david/erdos-lean-build/.lake/packages/LeanSearchClient/.lake/build/lib/lean:/Users/david/erdos-lean-build/.lake/packages/plausible/.lake/build/lib/lean:/Users/david/erdos-lean-build/.lake/packages/mathlib/.lake/build/lib/lean:/Users/david/erdos-lean-build/.lake/build/lib/lean /Users/david/.elan/toolchains/leanprover--lean4---v4.28.0/bin/lean /Users/david/erdos-lean-build/RequestProject/ReciprocalCRTProduct.lean -o /Users/david/erdos-lean-build/.lake/build/lib/lean/RequestProject/ReciprocalCRTProduct.olean -i /Users/david/erdos-lean-build/.lake/build/lib/lean/RequestProject/ReciprocalCRTProduct.ilean -c /Users/david/erdos-lean-build/.lake/build/ir/RequestProject/ReciprocalCRTProduct.c --setup /Users/david/erdos-lean-build/.lake/build/ir/RequestProject/ReciprocalCRTProduct.setup.json --json",
   "level": "trace"}],
 "inputs":
 [["RequestProject.ReciprocalCRTProduct:deps",
   [["deps",
     [["RequestProject/RequestProject:extraDep",
       [["@RequestProject:extraDep", "00000000000006bb"]]],
      ["imports",
       [["Mathlib transitive imports (legacy)", "8fd896a9b3011bd6"],
        ["Mathlib:importAllArts", "8fc2a9ec06d95bdc"],
        ["RequestProject.ClusterLineIncidence transitive imports (legacy)",
         "637cb4dd7431998a"],
        ["RequestProject.ClusterLineIncidence:importAllArts",
         "e78d903b1e7aaec5"],
        ["RequestProject.CRTLatticeCore transitive imports (legacy)",
         "12c1ba7185138d42"],
        ["RequestProject.CRTLatticeCore:importAllArts", "167602c7af140da5"]]]]],
    ["libs",
     [["import dynlibs", "00000000000006bb"],
      ["package external libraries", "00000000000006bb"],
      ["module dynlibs", "00000000000006bb"],
      ["module plugins", "00000000000006bb"]]]]],
  ["Lean 4.28.0, commit 7e01a1bf5c70fc6167d49c345d3bf80596e9a79b",
   "a96bc04a2e5e9630"],
  ["/Users/david/erdos-lean-build/RequestProject/ReciprocalCRTProduct.lean",
   "50ce1f0eeb6fff72"],
  ["options", "00000000000006bb"],
  ["Module.leanArgs: #[]", "00000000000006bb"]],
 "depHash": "2cca7300d62a147a"}