{"synthetic": false,
 "schemaVersion": "2025-09-10",
 "outputs":
 {"o": ["d95543fee41ce4ef.olean"],
  "i": "09d470660ea12bab.ilean",
  "c": "a44726c2c0bfbf7f.c"},
 "log":
 [{"message":
   ".> LEAN_PATH=/Users/david/erdos-lean-build/.lake/packages/Cli/.lake/build/lib/lean:/Users/david/erdos-lean-build/.lake/packages/batteries/.lake/build/lib/lean:/Users/david/erdos-lean-build/.lake/packages/Qq/.lake/build/lib/lean:/Users/david/erdos-lean-build/.lake/packages/aesop/.lake/build/lib/lean:/Users/david/erdos-lean-build/.lake/packages/proofwidgets/.lake/build/lib/lean:/Users/david/erdos-lean-build/.lake/packages/importGraph/.lake/build/lib/lean:/Users/david/erdos-lean-build/.lake/packages/LeanSearchClient/.lake/build/lib/lean:/Users/david/erdos-lean-build/.lake/packages/plausible/.lake/build/lib/lean:/Users/david/erdos-lean-build/.lake/packages/mathlib/.lake/build/lib/lean:/Users/david/erdos-lean-build/.lake/build/lib/lean /Users/david/.elan/toolchains/leanprover--lean4---v4.28.0/bin/lean /Users/david/erdos-lean-build/RequestProject/SBEE.lean -o /Users/david/erdos-lean-build/.lake/build/lib/lean/RequestProject/SBEE.olean -i /Users/david/erdos-lean-build/.lake/build/lib/lean/RequestProject/SBEE.ilean -c /Users/david/erdos-lean-build/.lake/build/ir/RequestProject/SBEE.c --setup /Users/david/erdos-lean-build/.lake/build/ir/RequestProject/SBEE.setup.json --json",
   "level": "trace"},
  {"message": "RequestProject/SBEE.lean:148:8: declaration uses `sorry`",
   "level": "warning"},
  {"message": "RequestProject/SBEE.lean:239:8: declaration uses `sorry`",
   "level": "warning"},
  {"message": "RequestProject/SBEE.lean:259:8: declaration uses `sorry`",
   "level": "warning"},
  {"message": "RequestProject/SBEE.lean:275:8: declaration uses `sorry`",
   "level": "warning"},
  {"message": "RequestProject/SBEE.lean:292:8: declaration uses `sorry`",
   "level": "warning"}],
 "inputs":
 [["RequestProject.SBEE:deps",
   [["deps",
     [["RequestProject/RequestProject:extraDep",
       [["@RequestProject:extraDep", "00000000000006bb"]]],
      ["imports",
       [["Mathlib transitive imports (legacy)", "8fd896a9b3011bd6"],
        ["Mathlib:importAllArts", "8fc2a9ec06d95bdc"],
        ["RequestProject.Defs transitive imports (legacy)", "12c1ba7185138d42"],
        ["RequestProject.Defs:importAllArts", "7f10caac46d94295"],
        ["RequestProject.LatticeSpan transitive imports (legacy)",
         "12c1ba7185138d42"],
        ["RequestProject.LatticeSpan:importAllArts", "8d802d38937ce222"],
        ["RequestProject.BernoulliFourier transitive imports (legacy)",
         "12c1ba7185138d42"],
        ["RequestProject.BernoulliFourier:importAllArts", "ec931738a90b8058"],
        ["RequestProject.SemiprimeInfinity transitive imports (legacy)",
         "a52c407e78a016d0"],
        ["RequestProject.SemiprimeInfinity:importAllArts",
         "87664fde5e9052aa"]]]]],
    ["libs",
     [["import dynlibs", "00000000000006bb"],
      ["package external libraries", "00000000000006bb"],
      ["module dynlibs", "00000000000006bb"],
      ["module plugins", "00000000000006bb"]]]]],
  ["Lean 4.28.0, commit 7e01a1bf5c70fc6167d49c345d3bf80596e9a79b",
   "a96bc04a2e5e9630"],
  ["/Users/david/erdos-lean-build/RequestProject/SBEE.lean",
   "f3cd566bbf4bb986"],
  ["options", "00000000000006bb"],
  ["Module.leanArgs: #[]", "00000000000006bb"]],
 "depHash": "d9ca80ea83ba0523"}