{"synthetic": false,
 "schemaVersion": "2025-09-10",
 "outputs":
 {"o": ["c9b1af759acc572b.olean"],
  "i": "82eb9812c7c63886.ilean",
  "c": "ac91dc799c1f4c8c.c"},
 "log":
 [{"message":
   ".> LEAN_PATH=/Users/david/erdos-lean-build/.lake/packages/Cli/.lake/build/lib/lean:/Users/david/erdos-lean-build/.lake/packages/batteries/.lake/build/lib/lean:/Users/david/erdos-lean-build/.lake/packages/Qq/.lake/build/lib/lean:/Users/david/erdos-lean-build/.lake/packages/aesop/.lake/build/lib/lean:/Users/david/erdos-lean-build/.lake/packages/proofwidgets/.lake/build/lib/lean:/Users/david/erdos-lean-build/.lake/packages/importGraph/.lake/build/lib/lean:/Users/david/erdos-lean-build/.lake/packages/LeanSearchClient/.lake/build/lib/lean:/Users/david/erdos-lean-build/.lake/packages/plausible/.lake/build/lib/lean:/Users/david/erdos-lean-build/.lake/packages/mathlib/.lake/build/lib/lean:/Users/david/erdos-lean-build/.lake/build/lib/lean /Users/david/.elan/toolchains/leanprover--lean4---v4.28.0/bin/lean /Users/david/erdos-lean-build/RequestProject/Scratch.lean -o /Users/david/erdos-lean-build/.lake/build/lib/lean/RequestProject/Scratch.olean -i /Users/david/erdos-lean-build/.lake/build/lib/lean/RequestProject/Scratch.ilean -c /Users/david/erdos-lean-build/.lake/build/ir/RequestProject/Scratch.c --setup /Users/david/erdos-lean-build/.lake/build/ir/RequestProject/Scratch.setup.json --json",
   "level": "trace"},
  {"message":
   "RequestProject/Scratch.lean:2:0: 'CircleMethod.minor_energy_sum_le_fiber_tail' depends on axioms: [propext, Classical.choice, Quot.sound]",
   "level": "info"},
  {"message":
   "RequestProject/Scratch.lean:3:0: 'CircleMethod.minor_arc_bound_fiber_tail' depends on axioms: [propext, sorryAx, Classical.choice, Quot.sound]",
   "level": "info"}],
 "inputs":
 [["RequestProject.Scratch:deps",
   [["deps",
     [["RequestProject/RequestProject:extraDep",
       [["@RequestProject:extraDep", "00000000000006bb"]]],
      ["imports",
       [["RequestProject.ExtraEnergyMinorArc transitive imports (legacy)",
         "73444c86d04d287c"],
        ["RequestProject.ExtraEnergyMinorArc:importAllArts",
         "4f368095dbc425cb"]]]]],
    ["libs",
     [["import dynlibs", "00000000000006bb"],
      ["package external libraries", "00000000000006bb"],
      ["module dynlibs", "00000000000006bb"],
      ["module plugins", "00000000000006bb"]]]]],
  ["Lean 4.28.0, commit 7e01a1bf5c70fc6167d49c345d3bf80596e9a79b",
   "a96bc04a2e5e9630"],
  ["/Users/david/erdos-lean-build/RequestProject/Scratch.lean",
   "271a305c0e21d907"],
  ["options", "00000000000006bb"],
  ["Module.leanArgs: #[]", "00000000000006bb"]],
 "depHash": "c89c2d5f2dc72980"}